<?xml version="1.0" encoding="UTF-8"?>
<testsuites name="Smoke Test" time="516" tests="10" failures="3" errors="0">
   <testsuite name="Smoke Test" tests="10" failures="3" errors="0" time="516" timestamp="2019-02-18 16:32:58" hostname="SD466525 - PC0871RF.SD.DIKA.BE" id="Test Suites/Smoke Test">
      <properties>
         <property name="deviceName" value=""/>
         <property name="devicePlatform" value=""/>
         <property name="logFolder" value="C:\\Users\\SD466525.DAN001\\git\\Test-Automation_ToolkitVersion2\\Reports\\Smoke Test\\20190218_163250"/>
         <property name="logFiles" value="C:\\Users\\SD466525.DAN001\\git\\Test-Automation_ToolkitVersion2\\Reports\\Smoke Test\\20190218_163250\\execution0.log"/>
         <property name="attachments" value="C:\\Users\\SD466525.DAN001\\git\\Test-Automation_ToolkitVersion2\\Reports\\Smoke Test\\20190218_163250\\1550493314711.png, C:\\Users\\SD466525.DAN001\\git\\Test-Automation_ToolkitVersion2\\Reports\\Smoke Test\\20190218_163250\\1550493645765.png, C:\\Users\\SD466525.DAN001\\git\\Test-Automation_ToolkitVersion2\\Reports\\Smoke Test\\20190218_163250\\1550493693371.png"/>
         <property name="hostName" value="SD466525 - PC0871RF.SD.DIKA.BE"/>
         <property name="os" value="Windows 10 64bit"/>
         <property name="katalonVersion" value="5.10.0.1"/>
         <property name="browser" value="Chrome 72.0.3626.109"/>
         <property name="hostAddress" value="192.168.97.1"/>
         <property name="sessionId" value="b4ba50afb311482abaf5e425f3a5b740"/>
         <property name="seleniumVersion" value="3.7.1"/>
         <property name="proxyInformation" value="ProxyInformation{proxyOption=NO_PROXY, proxyServerType=HTTP, password=, proxyServerAddress=, proxyServerPort=0}"/>
         <property name="platform" value="Windows 10"/>
      </properties>
      <testcase name="Test Cases/Smoke Test/ValidLogin" classname="Test Cases/Smoke Test/ValidLogin" status="PASSED">
         <system-out><![CDATA[2019-02-18 16:32:59 - [TEST_CASE][PASSED] - Test Cases/Smoke Test/ValidLogin: Test Cases/Smoke Test/ValidLogin

2019-02-18 16:32:59 - [TEST_STEP][PASSED] - openBrowser(findTestData("Environment").getValue("URL", 1)): Browser is opened with url: 'https://implementationuat.sdworx.co.uk/'

2019-02-18 16:33:01 - [MESSAGE][INFO] - Starting 'Chrome' driver

2019-02-18 16:33:01 - [MESSAGE][INFO] - Action delay is set to 0 seconds

2019-02-18 16:33:11 - [MESSAGE][PASSED] - Browser is opened with url: 'https://implementationuat.sdworx.co.uk/'

2019-02-18 16:33:11 - [TEST_STEP][PASSED] - maximizeWindow(): Current window maximized

2019-02-18 16:33:12 - [MESSAGE][PASSED] - Current window maximized

2019-02-18 16:33:12 - [TEST_STEP][PASSED] - navigateToUrl(findTestData("Environment").getValue("URL", 1)): Navigate to 'https://implementationuat.sdworx.co.uk/' successfully

2019-02-18 16:33:13 - [MESSAGE][PASSED] - Navigate to 'https://implementationuat.sdworx.co.uk/' successfully

2019-02-18 16:33:13 - [TEST_STEP][PASSED] - setText(findTestObject("Object Repository/Login/input_Email"), findTestData("Login").getValue("Username", 1)): Text 'purmanand.roopnah@sdworx.com' is set on object 'Object Repository/Login/input_Email'

2019-02-18 16:33:13 - [MESSAGE][PASSED] - Text 'purmanand.roopnah@sdworx.com' is set on object 'Object Repository/Login/input_Email'

2019-02-18 16:33:13 - [TEST_STEP][PASSED] - setText(findTestObject("Object Repository/Login/input_Password"), findTestData("Login").getValue("Password", 1)): Text 'Manish_2505' is set on object 'Object Repository/Login/input_Password'

2019-02-18 16:33:13 - [MESSAGE][PASSED] - Text 'Manish_2505' is set on object 'Object Repository/Login/input_Password'

2019-02-18 16:33:13 - [TEST_STEP][PASSED] - click(findTestObject("Object Repository/Login/input_btn btn-default")): Object: 'Object Repository/Login/input_btn btn-default' is clicked on

2019-02-18 16:33:16 - [MESSAGE][PASSED] - Object: 'Object Repository/Login/input_btn btn-default' is clicked on

2019-02-18 16:33:16 - [TEST_STEP][NOT_RUN] - selectOptionByLabel(findTestObject("Dropdown Lists/Select Organisation/Select Org"), "Panasonic Mauritius", true): NOT_RUN: selectOptionByLabel(findTestObject("Dropdown Lists/Select Organisation/Select Org"), "Panasonic Mauritius", true)

2019-02-18 16:33:16 - [MESSAGE][NOT_RUN] - NOT_RUN: selectOptionByLabel(findTestObject("Dropdown Lists/Select Organisation/Select Org"), "Panasonic Mauritius", true)

2019-02-18 16:33:16 - [TEST_STEP][NOT_RUN] - verifyElementPresent(findTestObject("Logout/Logout_dropdown"), 10, CONTINUE_ON_FAILURE): NOT_RUN: verifyElementPresent(findTestObject("Logout/Logout_dropdown"), 10, CONTINUE_ON_FAILURE)

2019-02-18 16:33:16 - [MESSAGE][NOT_RUN] - NOT_RUN: verifyElementPresent(findTestObject("Logout/Logout_dropdown"), 10, CONTINUE_ON_FAILURE)

2019-02-18 16:33:16 - [TEST_STEP][NOT_RUN] - click(findTestObject("Logout/Logout_dropdown")): NOT_RUN: click(findTestObject("Logout/Logout_dropdown"))

2019-02-18 16:33:16 - [MESSAGE][NOT_RUN] - NOT_RUN: click(findTestObject("Logout/Logout_dropdown"))

2019-02-18 16:33:16 - [TEST_STEP][NOT_RUN] - verifyElementPresent(findTestObject("Logout/a_Logout"), 10, CONTINUE_ON_FAILURE): NOT_RUN: verifyElementPresent(findTestObject("Logout/a_Logout"), 10, CONTINUE_ON_FAILURE)

2019-02-18 16:33:16 - [MESSAGE][NOT_RUN] - NOT_RUN: verifyElementPresent(findTestObject("Logout/a_Logout"), 10, CONTINUE_ON_FAILURE)

2019-02-18 16:33:16 - [TEST_STEP][NOT_RUN] - click(findTestObject("Logout/a_Logout")): NOT_RUN: click(findTestObject("Logout/a_Logout"))

2019-02-18 16:33:16 - [MESSAGE][NOT_RUN] - NOT_RUN: click(findTestObject("Logout/a_Logout"))

2019-02-18 16:33:16 - [TEST_STEP][NOT_RUN] - closeBrowser(): NOT_RUN: closeBrowser()

2019-02-18 16:33:16 - [MESSAGE][NOT_RUN] - NOT_RUN: closeBrowser()

2019-02-18 16:33:16 - [TEST_STEP][NOT_RUN] - toolkit.MySql.connectDB("CERRSQL2UTIL.aspnc.local", "ImplementationToolkit ", "4413", "ImpToolkit", "0E47iz93"): NOT_RUN: toolkit.MySql.connectDB("CERRSQL2UTIL.aspnc.local", "ImplementationToolkit ", "4413", "ImpToolkit", "0E47iz93")

2019-02-18 16:33:16 - [MESSAGE][NOT_RUN] - NOT_RUN: toolkit.MySql.connectDB("CERRSQL2UTIL.aspnc.local", "ImplementationToolkit ", "4413", "ImpToolkit", "0E47iz93")

2019-02-18 16:33:16 - [TEST_STEP][NOT_RUN] - Data = toolkit.MySql.executeQuery("select id from AspNetUsers where Email='purmanand.roopnah@sdworx.com';"): NOT_RUN: Data = toolkit.MySql.executeQuery("select id from AspNetUsers where Email='purmanand.roopnah@sdworx.com';")

2019-02-18 16:33:16 - [MESSAGE][NOT_RUN] - NOT_RUN: Data = toolkit.MySql.executeQuery("select id from AspNetUsers where Email='purmanand.roopnah@sdworx.com';")

2019-02-18 16:33:16 - [TEST_STEP][NOT_RUN] - PrintLn("Data"): NOT_RUN: PrintLn("Data")

2019-02-18 16:33:16 - [MESSAGE][NOT_RUN] - NOT_RUN: PrintLn("Data")]]></system-out>
         <system-err><![CDATA[]]></system-err>
      </testcase>
      <testcase name="Test Cases/Smoke Test/InvalidLogin" classname="Test Cases/Smoke Test/InvalidLogin" status="PASSED">
         <system-out><![CDATA[2019-02-18 16:33:16 - [TEST_CASE][PASSED] - Test Cases/Smoke Test/InvalidLogin: Test Cases/Smoke Test/InvalidLogin

2019-02-18 16:33:16 - [TEST_STEP][PASSED] - openBrowser(findTestData("Environment").getValue("URL", 1)): Browser is opened with url: 'https://implementationuat.sdworx.co.uk/'

2019-02-18 16:33:16 - [MESSAGE][WARNING] - A browser is already opened. Closing browser and opening a new one

2019-02-18 16:33:17 - [MESSAGE][INFO] - Starting 'Chrome' driver

2019-02-18 16:33:22 - [MESSAGE][PASSED] - Browser is opened with url: 'https://implementationuat.sdworx.co.uk/'

2019-02-18 16:33:22 - [TEST_STEP][PASSED] - maximizeWindow(): Current window maximized

2019-02-18 16:33:23 - [MESSAGE][PASSED] - Current window maximized

2019-02-18 16:33:23 - [TEST_STEP][PASSED] - navigateToUrl(findTestData("Environment").getValue("URL", 1)): Navigate to 'https://implementationuat.sdworx.co.uk/' successfully

2019-02-18 16:33:24 - [MESSAGE][PASSED] - Navigate to 'https://implementationuat.sdworx.co.uk/' successfully

2019-02-18 16:33:24 - [TEST_STEP][PASSED] - setText(findTestObject("Object Repository/Login/input_Email"), findTestData("Login").getValue("Username", 5)): Text 'purmanand.roopnah@sdworx.com' is set on object 'Object Repository/Login/input_Email'

2019-02-18 16:33:25 - [MESSAGE][PASSED] - Text 'purmanand.roopnah@sdworx.com' is set on object 'Object Repository/Login/input_Email'

2019-02-18 16:33:25 - [TEST_STEP][PASSED] - setText(findTestObject("Object Repository/Login/input_Password"), findTestData("Login").getValue("Password", 5)): Text 'tttt' is set on object 'Object Repository/Login/input_Password'

2019-02-18 16:33:25 - [MESSAGE][PASSED] - Text 'tttt' is set on object 'Object Repository/Login/input_Password'

2019-02-18 16:33:25 - [TEST_STEP][PASSED] - click(findTestObject("Object Repository/Login/input_btn btn-default")): Object: 'Object Repository/Login/input_btn btn-default' is clicked on

2019-02-18 16:33:26 - [MESSAGE][PASSED] - Object: 'Object Repository/Login/input_btn btn-default' is clicked on

2019-02-18 16:33:26 - [TEST_STEP][PASSED] - verifyElementPresent(findTestObject("Fields Validation/Login/InvalidLogin"), 0, CONTINUE_ON_FAILURE): Object 'Object Repository/Fields Validation/Login/InvalidLogin' is present

2019-02-18 16:33:26 - [MESSAGE][WARNING] - Timeout '0' is invalid. Using default page load timeout: '30'

2019-02-18 16:33:26 - [MESSAGE][PASSED] - Object 'Object Repository/Fields Validation/Login/InvalidLogin' is present

2019-02-18 16:33:26 - [TEST_STEP][PASSED] - closeBrowser(): Browser is closed

2019-02-18 16:33:26 - [MESSAGE][PASSED] - Browser is closed]]></system-out>
         <system-err><![CDATA[]]></system-err>
      </testcase>
      <testcase name="Test Cases/Smoke Test/Navigation Your Payroll Rules" classname="Test Cases/Smoke Test/Navigation Your Payroll Rules" status="PASSED">
         <system-out><![CDATA[2019-02-18 16:33:26 - [TEST_CASE][PASSED] - Test Cases/Smoke Test/Navigation Your Payroll Rules: Test Cases/Smoke Test/Navigation Your Payroll Rules

2019-02-18 16:33:27 - [TEST_STEP][PASSED] - callTestCase(findTestCase("Smoke Test/ValidLogin"), [:], CONTINUE_ON_FAILURE): Call Test Case 'Test Cases/Smoke Test/ValidLogin' successfully

2019-02-18 16:33:27 - [TEST_CASE][PASSED] - Test Cases/Smoke Test/ValidLogin: Test Cases/Smoke Test/ValidLogin

2019-02-18 16:33:27 - [TEST_STEP][PASSED] - openBrowser(findTestData("Environment").getValue("URL", 1)): Browser is opened with url: 'https://implementationuat.sdworx.co.uk/'

2019-02-18 16:33:27 - [MESSAGE][INFO] - Starting 'Chrome' driver

2019-02-18 16:33:32 - [MESSAGE][PASSED] - Browser is opened with url: 'https://implementationuat.sdworx.co.uk/'

2019-02-18 16:33:32 - [TEST_STEP][PASSED] - maximizeWindow(): Current window maximized

2019-02-18 16:33:33 - [MESSAGE][PASSED] - Current window maximized

2019-02-18 16:33:33 - [TEST_STEP][PASSED] - navigateToUrl(findTestData("Environment").getValue("URL", 1)): Navigate to 'https://implementationuat.sdworx.co.uk/' successfully

2019-02-18 16:33:34 - [MESSAGE][PASSED] - Navigate to 'https://implementationuat.sdworx.co.uk/' successfully

2019-02-18 16:33:34 - [TEST_STEP][PASSED] - setText(findTestObject("Object Repository/Login/input_Email"), findTestData("Login").getValue("Username", 1)): Text 'purmanand.roopnah@sdworx.com' is set on object 'Object Repository/Login/input_Email'

2019-02-18 16:33:34 - [MESSAGE][PASSED] - Text 'purmanand.roopnah@sdworx.com' is set on object 'Object Repository/Login/input_Email'

2019-02-18 16:33:34 - [TEST_STEP][PASSED] - setText(findTestObject("Object Repository/Login/input_Password"), findTestData("Login").getValue("Password", 1)): Text 'Manish_2505' is set on object 'Object Repository/Login/input_Password'

2019-02-18 16:33:35 - [MESSAGE][PASSED] - Text 'Manish_2505' is set on object 'Object Repository/Login/input_Password'

2019-02-18 16:33:35 - [TEST_STEP][PASSED] - click(findTestObject("Object Repository/Login/input_btn btn-default")): Object: 'Object Repository/Login/input_btn btn-default' is clicked on

2019-02-18 16:33:37 - [MESSAGE][PASSED] - Object: 'Object Repository/Login/input_btn btn-default' is clicked on

2019-02-18 16:33:37 - [TEST_STEP][NOT_RUN] - selectOptionByLabel(findTestObject("Dropdown Lists/Select Organisation/Select Org"), "Panasonic Mauritius", true): NOT_RUN: selectOptionByLabel(findTestObject("Dropdown Lists/Select Organisation/Select Org"), "Panasonic Mauritius", true)

2019-02-18 16:33:37 - [MESSAGE][NOT_RUN] - NOT_RUN: selectOptionByLabel(findTestObject("Dropdown Lists/Select Organisation/Select Org"), "Panasonic Mauritius", true)

2019-02-18 16:33:37 - [TEST_STEP][NOT_RUN] - verifyElementPresent(findTestObject("Logout/Logout_dropdown"), 10, CONTINUE_ON_FAILURE): NOT_RUN: verifyElementPresent(findTestObject("Logout/Logout_dropdown"), 10, CONTINUE_ON_FAILURE)

2019-02-18 16:33:37 - [MESSAGE][NOT_RUN] - NOT_RUN: verifyElementPresent(findTestObject("Logout/Logout_dropdown"), 10, CONTINUE_ON_FAILURE)

2019-02-18 16:33:37 - [TEST_STEP][NOT_RUN] - click(findTestObject("Logout/Logout_dropdown")): NOT_RUN: click(findTestObject("Logout/Logout_dropdown"))

2019-02-18 16:33:37 - [MESSAGE][NOT_RUN] - NOT_RUN: click(findTestObject("Logout/Logout_dropdown"))

2019-02-18 16:33:37 - [TEST_STEP][NOT_RUN] - verifyElementPresent(findTestObject("Logout/a_Logout"), 10, CONTINUE_ON_FAILURE): NOT_RUN: verifyElementPresent(findTestObject("Logout/a_Logout"), 10, CONTINUE_ON_FAILURE)

2019-02-18 16:33:37 - [MESSAGE][NOT_RUN] - NOT_RUN: verifyElementPresent(findTestObject("Logout/a_Logout"), 10, CONTINUE_ON_FAILURE)

2019-02-18 16:33:37 - [TEST_STEP][NOT_RUN] - click(findTestObject("Logout/a_Logout")): NOT_RUN: click(findTestObject("Logout/a_Logout"))

2019-02-18 16:33:37 - [MESSAGE][NOT_RUN] - NOT_RUN: click(findTestObject("Logout/a_Logout"))

2019-02-18 16:33:37 - [TEST_STEP][NOT_RUN] - closeBrowser(): NOT_RUN: closeBrowser()

2019-02-18 16:33:37 - [MESSAGE][NOT_RUN] - NOT_RUN: closeBrowser()

2019-02-18 16:33:37 - [TEST_STEP][NOT_RUN] - toolkit.MySql.connectDB("CERRSQL2UTIL.aspnc.local", "ImplementationToolkit ", "4413", "ImpToolkit", "0E47iz93"): NOT_RUN: toolkit.MySql.connectDB("CERRSQL2UTIL.aspnc.local", "ImplementationToolkit ", "4413", "ImpToolkit", "0E47iz93")

2019-02-18 16:33:37 - [MESSAGE][NOT_RUN] - NOT_RUN: toolkit.MySql.connectDB("CERRSQL2UTIL.aspnc.local", "ImplementationToolkit ", "4413", "ImpToolkit", "0E47iz93")

2019-02-18 16:33:37 - [TEST_STEP][NOT_RUN] - Data = toolkit.MySql.executeQuery("select id from AspNetUsers where Email='purmanand.roopnah@sdworx.com';"): NOT_RUN: Data = toolkit.MySql.executeQuery("select id from AspNetUsers where Email='purmanand.roopnah@sdworx.com';")

2019-02-18 16:33:37 - [MESSAGE][NOT_RUN] - NOT_RUN: Data = toolkit.MySql.executeQuery("select id from AspNetUsers where Email='purmanand.roopnah@sdworx.com';")

2019-02-18 16:33:37 - [TEST_STEP][NOT_RUN] - PrintLn("Data"): NOT_RUN: PrintLn("Data")

2019-02-18 16:33:37 - [MESSAGE][NOT_RUN] - NOT_RUN: PrintLn("Data")

2019-02-18 16:33:37 - [MESSAGE][PASSED] - Call Test Case 'Test Cases/Smoke Test/ValidLogin' successfully

2019-02-18 16:33:37 - [TEST_STEP][PASSED] - callTestCase(findTestCase("Navigations/Navigation - Basic Details"), [:], CONTINUE_ON_FAILURE): Call Test Case 'Test Cases/Navigations/Navigation - Basic Details' successfully

2019-02-18 16:33:37 - [TEST_CASE][PASSED] - Test Cases/Navigations/Navigation - Basic Details: Test Cases/Navigations/Navigation - Basic Details

2019-02-18 16:33:37 - [TEST_STEP][PASSED] - delay(5): Delayed 5 second(s)

2019-02-18 16:33:42 - [MESSAGE][PASSED] - Delayed 5 second(s)

2019-02-18 16:33:42 - [TEST_STEP][PASSED] - click(findTestObject("Navigations/Navigation - Basics Details/Page_Implementation Toolkit/span_Your Payroll Rules")): Object: 'Object Repository/Navigations/Navigation - Basics Details/Page_Implementation Toolkit/span_Your Payroll Rules' is clicked on

2019-02-18 16:33:42 - [MESSAGE][PASSED] - Object: 'Object Repository/Navigations/Navigation - Basics Details/Page_Implementation Toolkit/span_Your Payroll Rules' is clicked on

2019-02-18 16:33:42 - [TEST_STEP][PASSED] - delay(2): Delayed 2 second(s)

2019-02-18 16:33:44 - [MESSAGE][PASSED] - Delayed 2 second(s)

2019-02-18 16:33:44 - [TEST_STEP][PASSED] - click(findTestObject("Navigations/Navigation - Basics Details/Page_Implementation Toolkit/a_Payroll Basic Details")): Object: 'Object Repository/Navigations/Navigation - Basics Details/Page_Implementation Toolkit/a_Payroll Basic Details' is clicked on

2019-02-18 16:33:46 - [MESSAGE][PASSED] - Object: 'Object Repository/Navigations/Navigation - Basics Details/Page_Implementation Toolkit/a_Payroll Basic Details' is clicked on

2019-02-18 16:33:46 - [TEST_STEP][PASSED] - delay(2): Delayed 2 second(s)

2019-02-18 16:33:48 - [MESSAGE][PASSED] - Delayed 2 second(s)

2019-02-18 16:33:48 - [TEST_STEP][PASSED] - mouseOver(findTestObject("Navigations/Navigation - Basics Details/Page_Implementation Toolkit/button_Next")): Object: 'Object Repository/Navigations/Navigation - Basics Details/Page_Implementation Toolkit/button_Next' is hovered

2019-02-18 16:33:48 - [MESSAGE][PASSED] - Object: 'Object Repository/Navigations/Navigation - Basics Details/Page_Implementation Toolkit/button_Next' is hovered

2019-02-18 16:33:48 - [TEST_STEP][PASSED] - click(findTestObject("Navigations/Navigation - Basics Details/Page_Implementation Toolkit/h3_Payroll Number")): Object: 'Object Repository/Navigations/Navigation - Basics Details/Page_Implementation Toolkit/h3_Payroll Number' is clicked on

2019-02-18 16:33:48 - [MESSAGE][PASSED] - Object: 'Object Repository/Navigations/Navigation - Basics Details/Page_Implementation Toolkit/h3_Payroll Number' is clicked on

2019-02-18 16:33:48 - [MESSAGE][PASSED] - Call Test Case 'Test Cases/Navigations/Navigation - Basic Details' successfully

2019-02-18 16:33:48 - [TEST_STEP][PASSED] - callTestCase(findTestCase("Navigations/Navigation - Tax Groups"), [:], CONTINUE_ON_FAILURE): Call Test Case 'Test Cases/Navigations/Navigation - Tax Groups' successfully

2019-02-18 16:33:48 - [TEST_CASE][PASSED] - Test Cases/Navigations/Navigation - Tax Groups: Test Cases/Navigations/Navigation - Tax Groups

2019-02-18 16:33:48 - [TEST_STEP][PASSED] - delay(2): Delayed 2 second(s)

2019-02-18 16:33:50 - [MESSAGE][PASSED] - Delayed 2 second(s)

2019-02-18 16:33:50 - [TEST_STEP][PASSED] - click(findTestObject("Navigations/Navigation - Basics Details/Page_Implementation Toolkit/span_Your Payroll Rules")): Object: 'Object Repository/Navigations/Navigation - Basics Details/Page_Implementation Toolkit/span_Your Payroll Rules' is clicked on

2019-02-18 16:33:51 - [MESSAGE][PASSED] - Object: 'Object Repository/Navigations/Navigation - Basics Details/Page_Implementation Toolkit/span_Your Payroll Rules' is clicked on

2019-02-18 16:33:51 - [TEST_STEP][PASSED] - delay(3): Delayed 3 second(s)

2019-02-18 16:33:54 - [MESSAGE][PASSED] - Delayed 3 second(s)

2019-02-18 16:33:54 - [TEST_STEP][PASSED] - click(findTestObject("Navigations/Navigation - Tax Groups/a_Tax Groups")): Object: 'Object Repository/Navigations/Navigation - Tax Groups/a_Tax Groups' is clicked on

2019-02-18 16:33:55 - [MESSAGE][PASSED] - Object: 'Object Repository/Navigations/Navigation - Tax Groups/a_Tax Groups' is clicked on

2019-02-18 16:33:55 - [TEST_STEP][PASSED] - delay(2): Delayed 2 second(s)

2019-02-18 16:33:57 - [MESSAGE][PASSED] - Delayed 2 second(s)

2019-02-18 16:33:57 - [TEST_STEP][PASSED] - verifyElementPresent(findTestObject("Navigations/Navigation - Tax Groups/a_Add Tax Group"), 0, CONTINUE_ON_FAILURE): Object 'Object Repository/Navigations/Navigation - Tax Groups/a_Add Tax Group' is present

2019-02-18 16:33:57 - [MESSAGE][WARNING] - Timeout '0' is invalid. Using default page load timeout: '30'

2019-02-18 16:33:57 - [MESSAGE][PASSED] - Object 'Object Repository/Navigations/Navigation - Tax Groups/a_Add Tax Group' is present

2019-02-18 16:33:57 - [TEST_STEP][PASSED] - click(findTestObject("Navigations/Navigation - Tax Groups/SearchButton")): Object: 'Object Repository/Navigations/Navigation - Tax Groups/SearchButton' is clicked on

2019-02-18 16:33:57 - [MESSAGE][PASSED] - Object: 'Object Repository/Navigations/Navigation - Tax Groups/SearchButton' is clicked on

2019-02-18 16:33:57 - [MESSAGE][PASSED] - Call Test Case 'Test Cases/Navigations/Navigation - Tax Groups' successfully

2019-02-18 16:33:57 - [TEST_STEP][PASSED] - callTestCase(findTestCase("Navigations/Navigation - Pay Groups"), [:], CONTINUE_ON_FAILURE): Call Test Case 'Test Cases/Navigations/Navigation - Pay Groups' successfully

2019-02-18 16:33:57 - [TEST_CASE][PASSED] - Test Cases/Navigations/Navigation - Pay Groups: Test Cases/Navigations/Navigation - Pay Groups

2019-02-18 16:33:57 - [TEST_STEP][PASSED] - click(findTestObject("Navigations/Navigation - Pay Groups/a_Your Payroll Rules")): Object: 'Object Repository/Navigations/Navigation - Pay Groups/a_Your Payroll Rules' is clicked on

2019-02-18 16:33:57 - [MESSAGE][PASSED] - Object: 'Object Repository/Navigations/Navigation - Pay Groups/a_Your Payroll Rules' is clicked on

2019-02-18 16:33:57 - [TEST_STEP][PASSED] - delay(2): Delayed 2 second(s)

2019-02-18 16:33:59 - [MESSAGE][PASSED] - Delayed 2 second(s)

2019-02-18 16:33:59 - [TEST_STEP][PASSED] - click(findTestObject("Navigations/Navigation - Pay Groups/a_Pay Groups")): Object: 'Object Repository/Navigations/Navigation - Pay Groups/a_Pay Groups' is clicked on

2019-02-18 16:34:00 - [MESSAGE][PASSED] - Object: 'Object Repository/Navigations/Navigation - Pay Groups/a_Pay Groups' is clicked on

2019-02-18 16:34:00 - [TEST_STEP][PASSED] - verifyElementPresent(findTestObject("Navigations/Navigation - Pay Groups/a_Add Paygroup"), 0): Object 'Object Repository/Navigations/Navigation - Pay Groups/a_Add Paygroup' is present

2019-02-18 16:34:00 - [MESSAGE][WARNING] - Timeout '0' is invalid. Using default page load timeout: '30'

2019-02-18 16:34:00 - [MESSAGE][PASSED] - Object 'Object Repository/Navigations/Navigation - Pay Groups/a_Add Paygroup' is present

2019-02-18 16:34:00 - [TEST_STEP][PASSED] - click(findTestObject("Navigations/Navigation - Tax Groups/SearchButton")): Object: 'Object Repository/Navigations/Navigation - Tax Groups/SearchButton' is clicked on

2019-02-18 16:34:01 - [MESSAGE][PASSED] - Object: 'Object Repository/Navigations/Navigation - Tax Groups/SearchButton' is clicked on

2019-02-18 16:34:01 - [MESSAGE][PASSED] - Call Test Case 'Test Cases/Navigations/Navigation - Pay Groups' successfully

2019-02-18 16:34:01 - [TEST_STEP][PASSED] - callTestCase(findTestCase("Navigations/Navigation - Department"), [:], CONTINUE_ON_FAILURE): Call Test Case 'Test Cases/Navigations/Navigation - Department' successfully

2019-02-18 16:34:01 - [TEST_CASE][PASSED] - Test Cases/Navigations/Navigation - Department: Test Cases/Navigations/Navigation - Department

2019-02-18 16:34:01 - [TEST_STEP][PASSED] - delay(2): Delayed 2 second(s)

2019-02-18 16:34:03 - [MESSAGE][PASSED] - Delayed 2 second(s)

2019-02-18 16:34:03 - [TEST_STEP][PASSED] - click(findTestObject("Navigations/Navigation - Departments/a_Your Payroll Rules")): Object: 'Object Repository/Navigations/Navigation - Departments/a_Your Payroll Rules' is clicked on

2019-02-18 16:34:03 - [MESSAGE][PASSED] - Object: 'Object Repository/Navigations/Navigation - Departments/a_Your Payroll Rules' is clicked on

2019-02-18 16:34:03 - [TEST_STEP][PASSED] - delay(2): Delayed 2 second(s)

2019-02-18 16:34:05 - [MESSAGE][PASSED] - Delayed 2 second(s)

2019-02-18 16:34:05 - [TEST_STEP][PASSED] - click(findTestObject("Navigations/Navigation - Departments/a_Departments")): Object: 'Object Repository/Navigations/Navigation - Departments/a_Departments' is clicked on

2019-02-18 16:34:07 - [MESSAGE][PASSED] - Object: 'Object Repository/Navigations/Navigation - Departments/a_Departments' is clicked on

2019-02-18 16:34:07 - [TEST_STEP][PASSED] - delay(2): Delayed 2 second(s)

2019-02-18 16:34:09 - [MESSAGE][PASSED] - Delayed 2 second(s)

2019-02-18 16:34:09 - [TEST_STEP][PASSED] - verifyElementPresent(findTestObject("Navigations/Navigation - Departments/button_Add Department"), 0, CONTINUE_ON_FAILURE): Object 'Object Repository/Navigations/Navigation - Departments/button_Add Department' is present

2019-02-18 16:34:09 - [MESSAGE][WARNING] - Timeout '0' is invalid. Using default page load timeout: '30'

2019-02-18 16:34:10 - [MESSAGE][PASSED] - Object 'Object Repository/Navigations/Navigation - Departments/button_Add Department' is present

2019-02-18 16:34:10 - [TEST_STEP][PASSED] - click(findTestObject("Navigations/Navigation - Departments/button_Add Department")): Object: 'Object Repository/Navigations/Navigation - Departments/button_Add Department' is clicked on

2019-02-18 16:34:10 - [MESSAGE][PASSED] - Object: 'Object Repository/Navigations/Navigation - Departments/button_Add Department' is clicked on

2019-02-18 16:34:10 - [TEST_STEP][PASSED] - verifyTextPresent("Action", false): Text 'Action' is present on page 

2019-02-18 16:34:10 - [MESSAGE][PASSED] - Text 'Action' is present on page 

2019-02-18 16:34:10 - [MESSAGE][PASSED] - Call Test Case 'Test Cases/Navigations/Navigation - Department' successfully

2019-02-18 16:34:10 - [TEST_STEP][PASSED] - callTestCase(findTestCase("Navigations/Navigation - Cost Code"), [:], CONTINUE_ON_FAILURE): Call Test Case 'Test Cases/Navigations/Navigation - Cost Code' successfully

2019-02-18 16:34:10 - [TEST_CASE][PASSED] - Test Cases/Navigations/Navigation - Cost Code: Test Cases/Navigations/Navigation - Cost Code

2019-02-18 16:34:10 - [TEST_STEP][PASSED] - delay(2): Delayed 2 second(s)

2019-02-18 16:34:12 - [MESSAGE][PASSED] - Delayed 2 second(s)

2019-02-18 16:34:12 - [TEST_STEP][PASSED] - click(findTestObject("Navigations/Navigation - Cost Code/a_Your Payroll Rules")): Object: 'Object Repository/Navigations/Navigation - Cost Code/a_Your Payroll Rules' is clicked on

2019-02-18 16:34:12 - [MESSAGE][PASSED] - Object: 'Object Repository/Navigations/Navigation - Cost Code/a_Your Payroll Rules' is clicked on

2019-02-18 16:34:12 - [TEST_STEP][PASSED] - delay(2): Delayed 2 second(s)

2019-02-18 16:34:14 - [MESSAGE][PASSED] - Delayed 2 second(s)

2019-02-18 16:34:14 - [TEST_STEP][PASSED] - click(findTestObject("Navigations/Navigation - Cost Code/a_Cost Codes")): Object: 'Object Repository/Navigations/Navigation - Cost Code/a_Cost Codes' is clicked on

2019-02-18 16:34:15 - [MESSAGE][PASSED] - Object: 'Object Repository/Navigations/Navigation - Cost Code/a_Cost Codes' is clicked on

2019-02-18 16:34:15 - [TEST_STEP][PASSED] - delay(2): Delayed 2 second(s)

2019-02-18 16:34:17 - [MESSAGE][PASSED] - Delayed 2 second(s)

2019-02-18 16:34:17 - [TEST_STEP][PASSED] - click(findTestObject("Navigations/Navigation - Cost Code/a_Add Cost Code")): Object: 'Object Repository/Navigations/Navigation - Cost Code/a_Add Cost Code' is clicked on

2019-02-18 16:34:17 - [MESSAGE][PASSED] - Object: 'Object Repository/Navigations/Navigation - Cost Code/a_Add Cost Code' is clicked on

2019-02-18 16:34:17 - [TEST_STEP][PASSED] - verifyTextPresent("Action", false): Text 'Action' is present on page 

2019-02-18 16:34:17 - [MESSAGE][PASSED] - Text 'Action' is present on page 

2019-02-18 16:34:17 - [MESSAGE][PASSED] - Call Test Case 'Test Cases/Navigations/Navigation - Cost Code' successfully

2019-02-18 16:34:17 - [TEST_STEP][PASSED] - callTestCase(findTestCase("Navigations/Navigation - Payroll Disbursements"), [:], CONTINUE_ON_FAILURE): Call Test Case 'Test Cases/Navigations/Navigation - Payroll Disbursements' successfully

2019-02-18 16:34:18 - [TEST_CASE][PASSED] - Test Cases/Navigations/Navigation - Payroll Disbursements: Test Cases/Navigations/Navigation - Payroll Disbursements

2019-02-18 16:34:18 - [TEST_STEP][PASSED] - delay(2): Delayed 2 second(s)

2019-02-18 16:34:20 - [MESSAGE][PASSED] - Delayed 2 second(s)

2019-02-18 16:34:20 - [TEST_STEP][PASSED] - click(findTestObject("Navigations/Navigation - Payroll Disbursements/span_Your Payroll Rules")): Object: 'Object Repository/Navigations/Navigation - Payroll Disbursements/span_Your Payroll Rules' is clicked on

2019-02-18 16:34:20 - [MESSAGE][PASSED] - Object: 'Object Repository/Navigations/Navigation - Payroll Disbursements/span_Your Payroll Rules' is clicked on

2019-02-18 16:34:20 - [TEST_STEP][PASSED] - delay(2): Delayed 2 second(s)

2019-02-18 16:34:22 - [MESSAGE][PASSED] - Delayed 2 second(s)

2019-02-18 16:34:22 - [TEST_STEP][PASSED] - click(findTestObject("Navigations/Navigation - Payroll Disbursements/a_Payroll Disbursements")): Object: 'Object Repository/Navigations/Navigation - Payroll Disbursements/a_Payroll Disbursements' is clicked on

2019-02-18 16:34:23 - [MESSAGE][PASSED] - Object: 'Object Repository/Navigations/Navigation - Payroll Disbursements/a_Payroll Disbursements' is clicked on

2019-02-18 16:34:23 - [TEST_STEP][PASSED] - delay(2): Delayed 2 second(s)

2019-02-18 16:34:25 - [MESSAGE][PASSED] - Delayed 2 second(s)

2019-02-18 16:34:25 - [TEST_STEP][PASSED] - click(findTestObject("Navigations/Navigation - Payroll Disbursements/a_Add Disbursement")): Object: 'Object Repository/Navigations/Navigation - Payroll Disbursements/a_Add Disbursement' is clicked on

2019-02-18 16:34:25 - [MESSAGE][PASSED] - Object: 'Object Repository/Navigations/Navigation - Payroll Disbursements/a_Add Disbursement' is clicked on

2019-02-18 16:34:25 - [TEST_STEP][PASSED] - verifyTextPresent("Action", false): Text 'Action' is present on page 

2019-02-18 16:34:25 - [MESSAGE][PASSED] - Text 'Action' is present on page 

2019-02-18 16:34:25 - [MESSAGE][PASSED] - Call Test Case 'Test Cases/Navigations/Navigation - Payroll Disbursements' successfully

2019-02-18 16:34:25 - [TEST_STEP][PASSED] - callTestCase(findTestCase("Navigations/Navigation - Personal Data Codes"), [:], CONTINUE_ON_FAILURE): Call Test Case 'Test Cases/Navigations/Navigation - Personal Data Codes' successfully

2019-02-18 16:34:25 - [TEST_CASE][PASSED] - Test Cases/Navigations/Navigation - Personal Data Codes: Test Cases/Navigations/Navigation - Personal Data Codes

2019-02-18 16:34:26 - [TEST_STEP][PASSED] - delay(2): Delayed 2 second(s)

2019-02-18 16:34:28 - [MESSAGE][PASSED] - Delayed 2 second(s)

2019-02-18 16:34:28 - [TEST_STEP][PASSED] - click(findTestObject("Navigations/Navigation - Personal Data Codes/a_Your Payroll Rules")): Object: 'Object Repository/Navigations/Navigation - Personal Data Codes/a_Your Payroll Rules' is clicked on

2019-02-18 16:34:28 - [MESSAGE][PASSED] - Object: 'Object Repository/Navigations/Navigation - Personal Data Codes/a_Your Payroll Rules' is clicked on

2019-02-18 16:34:28 - [TEST_STEP][PASSED] - delay(2): Delayed 2 second(s)

2019-02-18 16:34:30 - [MESSAGE][PASSED] - Delayed 2 second(s)

2019-02-18 16:34:30 - [TEST_STEP][PASSED] - click(findTestObject("Navigations/Navigation - Personal Data Codes/a_Personnel Data Codes")): Object: 'Object Repository/Navigations/Navigation - Personal Data Codes/a_Personnel Data Codes' is clicked on

2019-02-18 16:34:31 - [MESSAGE][PASSED] - Object: 'Object Repository/Navigations/Navigation - Personal Data Codes/a_Personnel Data Codes' is clicked on

2019-02-18 16:34:31 - [TEST_STEP][PASSED] - delay(2): Delayed 2 second(s)

2019-02-18 16:34:33 - [MESSAGE][PASSED] - Delayed 2 second(s)

2019-02-18 16:34:33 - [TEST_STEP][PASSED] - click(findTestObject("Navigations/Navigation - Personal Data Codes/a_Add Data Code")): Object: 'Object Repository/Navigations/Navigation - Personal Data Codes/a_Add Data Code' is clicked on

2019-02-18 16:34:33 - [MESSAGE][PASSED] - Object: 'Object Repository/Navigations/Navigation - Personal Data Codes/a_Add Data Code' is clicked on

2019-02-18 16:34:33 - [TEST_STEP][PASSED] - verifyTextPresent("Action", false): Text 'Action' is present on page 

2019-02-18 16:34:33 - [MESSAGE][PASSED] - Text 'Action' is present on page 

2019-02-18 16:34:33 - [MESSAGE][PASSED] - Call Test Case 'Test Cases/Navigations/Navigation - Personal Data Codes' successfully

2019-02-18 16:34:33 - [TEST_STEP][PASSED] - callTestCase(findTestCase("Navigations/Navigation - Payroll Class"), [:], CONTINUE_ON_FAILURE): Call Test Case 'Test Cases/Navigations/Navigation - Payroll Class' successfully

2019-02-18 16:34:33 - [TEST_CASE][PASSED] - Test Cases/Navigations/Navigation - Payroll Class: Test Cases/Navigations/Navigation - Payroll Class

2019-02-18 16:34:33 - [TEST_STEP][PASSED] - delay(2): Delayed 2 second(s)

2019-02-18 16:34:35 - [MESSAGE][PASSED] - Delayed 2 second(s)

2019-02-18 16:34:35 - [TEST_STEP][PASSED] - click(findTestObject("Navigations/Navigation - Payroll Class/span_Your Payroll Rules")): Object: 'Object Repository/Navigations/Navigation - Payroll Class/span_Your Payroll Rules' is clicked on

2019-02-18 16:34:35 - [MESSAGE][PASSED] - Object: 'Object Repository/Navigations/Navigation - Payroll Class/span_Your Payroll Rules' is clicked on

2019-02-18 16:34:35 - [TEST_STEP][PASSED] - delay(2): Delayed 2 second(s)

2019-02-18 16:34:37 - [MESSAGE][PASSED] - Delayed 2 second(s)

2019-02-18 16:34:37 - [TEST_STEP][PASSED] - click(findTestObject("Navigations/Navigation - Payroll Class/a_Payroll Class")): Object: 'Object Repository/Navigations/Navigation - Payroll Class/a_Payroll Class' is clicked on

2019-02-18 16:34:38 - [MESSAGE][PASSED] - Object: 'Object Repository/Navigations/Navigation - Payroll Class/a_Payroll Class' is clicked on

2019-02-18 16:34:38 - [TEST_STEP][PASSED] - delay(2): Delayed 2 second(s)

2019-02-18 16:34:40 - [MESSAGE][PASSED] - Delayed 2 second(s)

2019-02-18 16:34:40 - [TEST_STEP][PASSED] - click(findTestObject("Navigations/Navigation - Payroll Class/a_Add Class")): Object: 'Object Repository/Navigations/Navigation - Payroll Class/a_Add Class' is clicked on

2019-02-18 16:34:40 - [MESSAGE][PASSED] - Object: 'Object Repository/Navigations/Navigation - Payroll Class/a_Add Class' is clicked on

2019-02-18 16:34:40 - [TEST_STEP][PASSED] - verifyTextPresent("Action", false): Text 'Action' is present on page 

2019-02-18 16:34:40 - [MESSAGE][PASSED] - Text 'Action' is present on page 

2019-02-18 16:34:40 - [MESSAGE][PASSED] - Call Test Case 'Test Cases/Navigations/Navigation - Payroll Class' successfully

2019-02-18 16:34:40 - [TEST_STEP][PASSED] - callTestCase(findTestCase("Navigations/Navigation - Payroll Category"), [:], CONTINUE_ON_FAILURE): Call Test Case 'Test Cases/Navigations/Navigation - Payroll Category' successfully

2019-02-18 16:34:41 - [TEST_CASE][PASSED] - Test Cases/Navigations/Navigation - Payroll Category: Test Cases/Navigations/Navigation - Payroll Category

2019-02-18 16:34:41 - [TEST_STEP][PASSED] - delay(2): Delayed 2 second(s)

2019-02-18 16:34:43 - [MESSAGE][PASSED] - Delayed 2 second(s)

2019-02-18 16:34:43 - [TEST_STEP][PASSED] - click(findTestObject("Navigations/Navigation - Tax Groups/a_Your Payroll Rules")): Object: 'Object Repository/Navigations/Navigation - Tax Groups/a_Your Payroll Rules' is clicked on

2019-02-18 16:34:43 - [MESSAGE][PASSED] - Object: 'Object Repository/Navigations/Navigation - Tax Groups/a_Your Payroll Rules' is clicked on

2019-02-18 16:34:43 - [TEST_STEP][PASSED] - delay(2): Delayed 2 second(s)

2019-02-18 16:34:45 - [MESSAGE][PASSED] - Delayed 2 second(s)

2019-02-18 16:34:45 - [TEST_STEP][PASSED] - click(findTestObject("Navigations/Navigation - Payroll Category/a_Payroll Category")): Object: 'Object Repository/Navigations/Navigation - Payroll Category/a_Payroll Category' is clicked on

2019-02-18 16:34:46 - [MESSAGE][PASSED] - Object: 'Object Repository/Navigations/Navigation - Payroll Category/a_Payroll Category' is clicked on

2019-02-18 16:34:46 - [TEST_STEP][PASSED] - delay(2): Delayed 2 second(s)

2019-02-18 16:34:48 - [MESSAGE][PASSED] - Delayed 2 second(s)

2019-02-18 16:34:48 - [TEST_STEP][PASSED] - click(findTestObject("Navigations/Navigation - Payroll Category/a_Add Category"), STOP_ON_FAILURE): Object: 'Object Repository/Navigations/Navigation - Payroll Category/a_Add Category' is clicked on

2019-02-18 16:34:48 - [MESSAGE][PASSED] - Object: 'Object Repository/Navigations/Navigation - Payroll Category/a_Add Category' is clicked on

2019-02-18 16:34:48 - [TEST_STEP][PASSED] - verifyTextPresent("Action", false): Text 'Action' is present on page 

2019-02-18 16:34:48 - [MESSAGE][PASSED] - Text 'Action' is present on page 

2019-02-18 16:34:48 - [MESSAGE][PASSED] - Call Test Case 'Test Cases/Navigations/Navigation - Payroll Category' successfully

2019-02-18 16:34:48 - [TEST_STEP][PASSED] - callTestCase(findTestCase("Navigations/Navigation - Holiday Rate Calculation"), [:], CONTINUE_ON_FAILURE): Call Test Case 'Test Cases/Navigations/Navigation - Holiday Rate Calculation' successfully

2019-02-18 16:34:48 - [TEST_CASE][PASSED] - Test Cases/Navigations/Navigation - Holiday Rate Calculation: Test Cases/Navigations/Navigation - Holiday Rate Calculation

2019-02-18 16:34:48 - [TEST_STEP][PASSED] - click(findTestObject("Navigations/Navigation - Holiday Rate Calculation/a_Your Payroll Rules")): Object: 'Object Repository/Navigations/Navigation - Holiday Rate Calculation/a_Your Payroll Rules' is clicked on

2019-02-18 16:34:48 - [MESSAGE][PASSED] - Object: 'Object Repository/Navigations/Navigation - Holiday Rate Calculation/a_Your Payroll Rules' is clicked on

2019-02-18 16:34:48 - [TEST_STEP][PASSED] - delay(2): Delayed 2 second(s)

2019-02-18 16:34:50 - [MESSAGE][PASSED] - Delayed 2 second(s)

2019-02-18 16:34:50 - [TEST_STEP][PASSED] - click(findTestObject("Navigations/Navigation - Holiday Rate Calculation/a_Holiday Rate Calculation")): Object: 'Object Repository/Navigations/Navigation - Holiday Rate Calculation/a_Holiday Rate Calculation' is clicked on

2019-02-18 16:34:52 - [MESSAGE][PASSED] - Object: 'Object Repository/Navigations/Navigation - Holiday Rate Calculation/a_Holiday Rate Calculation' is clicked on

2019-02-18 16:34:52 - [TEST_STEP][PASSED] - delay(2): Delayed 2 second(s)

2019-02-18 16:34:54 - [MESSAGE][PASSED] - Delayed 2 second(s)

2019-02-18 16:34:54 - [TEST_STEP][PASSED] - verifyElementPresent(findTestObject("Navigations/Navigation - Holiday Rate Calculation/button_Save"), 0): Object 'Object Repository/Navigations/Navigation - Holiday Rate Calculation/button_Save' is present

2019-02-18 16:34:54 - [MESSAGE][WARNING] - Timeout '0' is invalid. Using default page load timeout: '30'

2019-02-18 16:34:54 - [MESSAGE][PASSED] - Object 'Object Repository/Navigations/Navigation - Holiday Rate Calculation/button_Save' is present

2019-02-18 16:34:54 - [MESSAGE][PASSED] - Call Test Case 'Test Cases/Navigations/Navigation - Holiday Rate Calculation' successfully

2019-02-18 16:34:54 - [TEST_STEP][NOT_RUN] - callTestCase(findTestCase("Logout/Logout"), [:], STOP_ON_FAILURE): NOT_RUN: callTestCase(findTestCase("Logout/Logout"), [:], STOP_ON_FAILURE)

2019-02-18 16:34:54 - [MESSAGE][NOT_RUN] - NOT_RUN: callTestCase(findTestCase("Logout/Logout"), [:], STOP_ON_FAILURE)]]></system-out>
         <system-err><![CDATA[]]></system-err>
      </testcase>
      <testcase name="Test Cases/Smoke Test/NavigationYourPayAndBenefits" classname="Test Cases/Smoke Test/NavigationYourPayAndBenefits" status="FAILED">
         <failure type="FAILED" message="Test Cases/Smoke Test/NavigationYourPayAndBenefits FAILED.
Reason:
com.kms.katalon.core.exception.StepFailedException: Unable to click on object 'Object Repository/Navigations/Navigation - Allowances/button_Add Allowance' (Root cause: org.openqa.selenium.WebDriverException: unknown error: Element &lt;button class=&quot;add btn btn-success&quot; id=&quot;addAllowanceDetailsButton&quot; style=&quot;margin-bottom:5px;&quot;>...&lt;/button> is not clickable at point (195, 331). Other element would receive the click: &lt;div id=&quot;loader&quot;>&lt;/div>
  (Session info: chrome=72.0.3626.109)
  (Driver info: chromedriver=2.43.600210 (68dcf5eebde37173d4027fa8635e332711d2874a),platform=Windows NT 10.0.16299 x86_64) (WARNING: The server did not provide any stacktrace information)
Command duration or timeout: 0 milliseconds
Build info: version: '3.7.1', revision: '8a0099a', time: '2017-11-06T21:07:36.161Z'
System info: host: 'PC0871RF', ip: '192.168.97.1', os.name: 'Windows 10', os.arch: 'amd64', os.version: '10.0', java.version: '1.8.0_181'
Driver info: com.kms.katalon.selenium.driver.CChromeDriver
Capabilities {acceptInsecureCerts: false, acceptSslCerts: false, applicationCacheEnabled: false, browserConnectionEnabled: false, browserName: chrome, chrome: {chromedriverVersion: 2.43.600210 (68dcf5eebde371..., userDataDir: C:\Users\SD4665~1.DAN\AppDa...}, cssSelectorsEnabled: true, databaseEnabled: false, goog:chromeOptions: {debuggerAddress: localhost:50029}, handlesAlerts: true, hasTouchScreen: false, javascriptEnabled: true, locationContextEnabled: true, mobileEmulationEnabled: false, nativeEvents: true, networkConnectionEnabled: false, pageLoadStrategy: normal, platform: XP, platformName: XP, rotatable: false, setWindowRect: true, takesHeapSnapshot: true, takesScreenshot: true, unexpectedAlertBehaviour: , unhandledPromptBehavior: , version: 72.0.3626.109, webStorageEnabled: true}
Session ID: b100527dc32d8e5053d9a2f0d6454a8a)
	at com.kms.katalon.core.keyword.internal.KeywordMain.stepFailed(KeywordMain.groovy:36)
	at com.kms.katalon.core.webui.keyword.internal.WebUIKeywordMain.stepFailed(WebUIKeywordMain.groovy:65)
	at com.kms.katalon.core.webui.keyword.internal.WebUIKeywordMain.runKeyword(WebUIKeywordMain.groovy:27)
	at com.kms.katalon.core.webui.keyword.builtin.ClickKeyword.click(ClickKeyword.groovy:86)
	at com.kms.katalon.core.webui.keyword.builtin.ClickKeyword.execute(ClickKeyword.groovy:67)
	at com.kms.katalon.core.keyword.internal.KeywordExecutor.executeKeywordForPlatform(KeywordExecutor.groovy:53)
	at com.kms.katalon.core.webui.keyword.WebUiBuiltInKeywords.click(WebUiBuiltInKeywords.groovy:604)
	at com.kms.katalon.core.webui.keyword.WebUiBuiltInKeywords$click$9.call(Unknown Source)
	at Navigation - Allowances.run(Navigation - Allowances:38)
	at com.kms.katalon.core.main.ScriptEngine.run(ScriptEngine.java:194)
	at com.kms.katalon.core.main.ScriptEngine.runScriptAsRawText(ScriptEngine.java:119)
	at com.kms.katalon.core.main.TestCaseExecutor.runScript(TestCaseExecutor.java:328)
	at com.kms.katalon.core.main.TestCaseExecutor.doExecute(TestCaseExecutor.java:319)
	at com.kms.katalon.core.main.TestCaseExecutor.processExecutionPhase(TestCaseExecutor.java:298)
	at com.kms.katalon.core.main.TestCaseExecutor.accessMainPhase(TestCaseExecutor.java:290)
	at com.kms.katalon.core.main.TestCaseExecutor.execute(TestCaseExecutor.java:224)
	at com.kms.katalon.core.main.TestCaseMain.runTestCase(TestCaseMain.java:106)
	at com.kms.katalon.core.keyword.builtin.CallTestCaseKeyword$_callTestCase_closure1.doCall(CallTestCaseKeyword.groovy:59)
	at com.kms.katalon.core.keyword.builtin.CallTestCaseKeyword$_callTestCase_closure1.call(CallTestCaseKeyword.groovy)
	at com.kms.katalon.core.keyword.internal.KeywordMain.runKeyword(KeywordMain.groovy:54)
	at com.kms.katalon.core.keyword.builtin.CallTestCaseKeyword.callTestCase(CallTestCaseKeyword.groovy:80)
	at com.kms.katalon.core.keyword.builtin.CallTestCaseKeyword.execute(CallTestCaseKeyword.groovy:44)
	at com.kms.katalon.core.keyword.internal.KeywordExecutor.executeKeywordForPlatform(KeywordExecutor.groovy:53)
	at com.kms.katalon.core.keyword.BuiltinKeywords.callTestCase(BuiltinKeywords.groovy:334)
	at NavigationYourPayAndBenefits.run(NavigationYourPayAndBenefits:18)
	at com.kms.katalon.core.main.ScriptEngine.run(ScriptEngine.java:194)
	at com.kms.katalon.core.main.ScriptEngine.runScriptAsRawText(ScriptEngine.java:119)
	at com.kms.katalon.core.main.TestCaseExecutor.runScript(TestCaseExecutor.java:328)
	at com.kms.katalon.core.main.TestCaseExecutor.doExecute(TestCaseExecutor.java:319)
	at com.kms.katalon.core.main.TestCaseExecutor.processExecutionPhase(TestCaseExecutor.java:298)
	at com.kms.katalon.core.main.TestCaseExecutor.accessMainPhase(TestCaseExecutor.java:290)
	at com.kms.katalon.core.main.TestCaseExecutor.execute(TestCaseExecutor.java:224)
	at com.kms.katalon.core.main.TestSuiteExecutor.accessTestCaseMainPhase(TestSuiteExecutor.java:129)
	at com.kms.katalon.core.main.TestSuiteExecutor.accessTestSuiteMainPhase(TestSuiteExecutor.java:112)
	at com.kms.katalon.core.main.TestSuiteExecutor.execute(TestSuiteExecutor.java:81)
	at com.kms.katalon.core.main.TestCaseMain.startTestSuite(TestCaseMain.java:149)
	at com.kms.katalon.core.main.TestCaseMain$startTestSuite$0.call(Unknown Source)
	at TempTestSuite1550493175167.run(TempTestSuite1550493175167.groovy:36)
"/>
         <system-out><![CDATA[2019-02-18 16:34:54 - [TEST_CASE][FAILED] - Test Cases/Smoke Test/NavigationYourPayAndBenefits: Test Cases/Smoke Test/NavigationYourPayAndBenefits FAILED.
Reason:
com.kms.katalon.core.exception.StepFailedException: Unable to click on object 'Object Repository/Navigations/Navigation - Allowances/button_Add Allowance' (Root cause: org.openqa.selenium.WebDriverException: unknown error: Element <button class="add btn btn-success" id="addAllowanceDetailsButton" style="margin-bottom:5px;">...</button> is not clickable at point (195, 331). Other element would receive the click: <div id="loader"></div>
  (Session info: chrome=72.0.3626.109)
  (Driver info: chromedriver=2.43.600210 (68dcf5eebde37173d4027fa8635e332711d2874a),platform=Windows NT 10.0.16299 x86_64) (WARNING: The server did not provide any stacktrace information)
Command duration or timeout: 0 milliseconds
Build info: version: '3.7.1', revision: '8a0099a', time: '2017-11-06T21:07:36.161Z'
System info: host: 'PC0871RF', ip: '192.168.97.1', os.name: 'Windows 10', os.arch: 'amd64', os.version: '10.0', java.version: '1.8.0_181'
Driver info: com.kms.katalon.selenium.driver.CChromeDriver
Capabilities {acceptInsecureCerts: false, acceptSslCerts: false, applicationCacheEnabled: false, browserConnectionEnabled: false, browserName: chrome, chrome: {chromedriverVersion: 2.43.600210 (68dcf5eebde371..., userDataDir: C:\Users\SD4665~1.DAN\AppDa...}, cssSelectorsEnabled: true, databaseEnabled: false, goog:chromeOptions: {debuggerAddress: localhost:50029}, handlesAlerts: true, hasTouchScreen: false, javascriptEnabled: true, locationContextEnabled: true, mobileEmulationEnabled: false, nativeEvents: true, networkConnectionEnabled: false, pageLoadStrategy: normal, platform: XP, platformName: XP, rotatable: false, setWindowRect: true, takesHeapSnapshot: true, takesScreenshot: true, unexpectedAlertBehaviour: , unhandledPromptBehavior: , version: 72.0.3626.109, webStorageEnabled: true}
Session ID: b100527dc32d8e5053d9a2f0d6454a8a)
	at com.kms.katalon.core.keyword.internal.KeywordMain.stepFailed(KeywordMain.groovy:36)
	at com.kms.katalon.core.webui.keyword.internal.WebUIKeywordMain.stepFailed(WebUIKeywordMain.groovy:65)
	at com.kms.katalon.core.webui.keyword.internal.WebUIKeywordMain.runKeyword(WebUIKeywordMain.groovy:27)
	at com.kms.katalon.core.webui.keyword.builtin.ClickKeyword.click(ClickKeyword.groovy:86)
	at com.kms.katalon.core.webui.keyword.builtin.ClickKeyword.execute(ClickKeyword.groovy:67)
	at com.kms.katalon.core.keyword.internal.KeywordExecutor.executeKeywordForPlatform(KeywordExecutor.groovy:53)
	at com.kms.katalon.core.webui.keyword.WebUiBuiltInKeywords.click(WebUiBuiltInKeywords.groovy:604)
	at com.kms.katalon.core.webui.keyword.WebUiBuiltInKeywords$click$9.call(Unknown Source)
	at Navigation - Allowances.run(Navigation - Allowances:38)
	at com.kms.katalon.core.main.ScriptEngine.run(ScriptEngine.java:194)
	at com.kms.katalon.core.main.ScriptEngine.runScriptAsRawText(ScriptEngine.java:119)
	at com.kms.katalon.core.main.TestCaseExecutor.runScript(TestCaseExecutor.java:328)
	at com.kms.katalon.core.main.TestCaseExecutor.doExecute(TestCaseExecutor.java:319)
	at com.kms.katalon.core.main.TestCaseExecutor.processExecutionPhase(TestCaseExecutor.java:298)
	at com.kms.katalon.core.main.TestCaseExecutor.accessMainPhase(TestCaseExecutor.java:290)
	at com.kms.katalon.core.main.TestCaseExecutor.execute(TestCaseExecutor.java:224)
	at com.kms.katalon.core.main.TestCaseMain.runTestCase(TestCaseMain.java:106)
	at com.kms.katalon.core.keyword.builtin.CallTestCaseKeyword$_callTestCase_closure1.doCall(CallTestCaseKeyword.groovy:59)
	at com.kms.katalon.core.keyword.builtin.CallTestCaseKeyword$_callTestCase_closure1.call(CallTestCaseKeyword.groovy)
	at com.kms.katalon.core.keyword.internal.KeywordMain.runKeyword(KeywordMain.groovy:54)
	at com.kms.katalon.core.keyword.builtin.CallTestCaseKeyword.callTestCase(CallTestCaseKeyword.groovy:80)
	at com.kms.katalon.core.keyword.builtin.CallTestCaseKeyword.execute(CallTestCaseKeyword.groovy:44)
	at com.kms.katalon.core.keyword.internal.KeywordExecutor.executeKeywordForPlatform(KeywordExecutor.groovy:53)
	at com.kms.katalon.core.keyword.BuiltinKeywords.callTestCase(BuiltinKeywords.groovy:334)
	at NavigationYourPayAndBenefits.run(NavigationYourPayAndBenefits:18)
	at com.kms.katalon.core.main.ScriptEngine.run(ScriptEngine.java:194)
	at com.kms.katalon.core.main.ScriptEngine.runScriptAsRawText(ScriptEngine.java:119)
	at com.kms.katalon.core.main.TestCaseExecutor.runScript(TestCaseExecutor.java:328)
	at com.kms.katalon.core.main.TestCaseExecutor.doExecute(TestCaseExecutor.java:319)
	at com.kms.katalon.core.main.TestCaseExecutor.processExecutionPhase(TestCaseExecutor.java:298)
	at com.kms.katalon.core.main.TestCaseExecutor.accessMainPhase(TestCaseExecutor.java:290)
	at com.kms.katalon.core.main.TestCaseExecutor.execute(TestCaseExecutor.java:224)
	at com.kms.katalon.core.main.TestSuiteExecutor.accessTestCaseMainPhase(TestSuiteExecutor.java:129)
	at com.kms.katalon.core.main.TestSuiteExecutor.accessTestSuiteMainPhase(TestSuiteExecutor.java:112)
	at com.kms.katalon.core.main.TestSuiteExecutor.execute(TestSuiteExecutor.java:81)
	at com.kms.katalon.core.main.TestCaseMain.startTestSuite(TestCaseMain.java:149)
	at com.kms.katalon.core.main.TestCaseMain$startTestSuite$0.call(Unknown Source)
	at TempTestSuite1550493175167.run(TempTestSuite1550493175167.groovy:36)


2019-02-18 16:34:54 - [TEST_STEP][PASSED] - callTestCase(findTestCase("Smoke Test/ValidLogin"), [:], STOP_ON_FAILURE): Call Test Case 'Test Cases/Smoke Test/ValidLogin' successfully

2019-02-18 16:34:54 - [TEST_CASE][PASSED] - Test Cases/Smoke Test/ValidLogin: Test Cases/Smoke Test/ValidLogin

2019-02-18 16:34:54 - [TEST_STEP][PASSED] - openBrowser(findTestData("Environment").getValue("URL", 1)): Browser is opened with url: 'https://implementationuat.sdworx.co.uk/'

2019-02-18 16:34:54 - [MESSAGE][WARNING] - A browser is already opened. Closing browser and opening a new one

2019-02-18 16:34:55 - [MESSAGE][INFO] - Starting 'Chrome' driver

2019-02-18 16:35:00 - [MESSAGE][PASSED] - Browser is opened with url: 'https://implementationuat.sdworx.co.uk/'

2019-02-18 16:35:00 - [TEST_STEP][PASSED] - maximizeWindow(): Current window maximized

2019-02-18 16:35:01 - [MESSAGE][PASSED] - Current window maximized

2019-02-18 16:35:01 - [TEST_STEP][PASSED] - navigateToUrl(findTestData("Environment").getValue("URL", 1)): Navigate to 'https://implementationuat.sdworx.co.uk/' successfully

2019-02-18 16:35:02 - [MESSAGE][PASSED] - Navigate to 'https://implementationuat.sdworx.co.uk/' successfully

2019-02-18 16:35:02 - [TEST_STEP][PASSED] - setText(findTestObject("Object Repository/Login/input_Email"), findTestData("Login").getValue("Username", 1)): Text 'purmanand.roopnah@sdworx.com' is set on object 'Object Repository/Login/input_Email'

2019-02-18 16:35:02 - [MESSAGE][PASSED] - Text 'purmanand.roopnah@sdworx.com' is set on object 'Object Repository/Login/input_Email'

2019-02-18 16:35:02 - [TEST_STEP][PASSED] - setText(findTestObject("Object Repository/Login/input_Password"), findTestData("Login").getValue("Password", 1)): Text 'Manish_2505' is set on object 'Object Repository/Login/input_Password'

2019-02-18 16:35:02 - [MESSAGE][PASSED] - Text 'Manish_2505' is set on object 'Object Repository/Login/input_Password'

2019-02-18 16:35:02 - [TEST_STEP][PASSED] - click(findTestObject("Object Repository/Login/input_btn btn-default")): Object: 'Object Repository/Login/input_btn btn-default' is clicked on

2019-02-18 16:35:04 - [MESSAGE][PASSED] - Object: 'Object Repository/Login/input_btn btn-default' is clicked on

2019-02-18 16:35:04 - [TEST_STEP][NOT_RUN] - selectOptionByLabel(findTestObject("Dropdown Lists/Select Organisation/Select Org"), "Panasonic Mauritius", true): NOT_RUN: selectOptionByLabel(findTestObject("Dropdown Lists/Select Organisation/Select Org"), "Panasonic Mauritius", true)

2019-02-18 16:35:04 - [MESSAGE][NOT_RUN] - NOT_RUN: selectOptionByLabel(findTestObject("Dropdown Lists/Select Organisation/Select Org"), "Panasonic Mauritius", true)

2019-02-18 16:35:04 - [TEST_STEP][NOT_RUN] - verifyElementPresent(findTestObject("Logout/Logout_dropdown"), 10, CONTINUE_ON_FAILURE): NOT_RUN: verifyElementPresent(findTestObject("Logout/Logout_dropdown"), 10, CONTINUE_ON_FAILURE)

2019-02-18 16:35:04 - [MESSAGE][NOT_RUN] - NOT_RUN: verifyElementPresent(findTestObject("Logout/Logout_dropdown"), 10, CONTINUE_ON_FAILURE)

2019-02-18 16:35:04 - [TEST_STEP][NOT_RUN] - click(findTestObject("Logout/Logout_dropdown")): NOT_RUN: click(findTestObject("Logout/Logout_dropdown"))

2019-02-18 16:35:04 - [MESSAGE][NOT_RUN] - NOT_RUN: click(findTestObject("Logout/Logout_dropdown"))

2019-02-18 16:35:04 - [TEST_STEP][NOT_RUN] - verifyElementPresent(findTestObject("Logout/a_Logout"), 10, CONTINUE_ON_FAILURE): NOT_RUN: verifyElementPresent(findTestObject("Logout/a_Logout"), 10, CONTINUE_ON_FAILURE)

2019-02-18 16:35:04 - [MESSAGE][NOT_RUN] - NOT_RUN: verifyElementPresent(findTestObject("Logout/a_Logout"), 10, CONTINUE_ON_FAILURE)

2019-02-18 16:35:04 - [TEST_STEP][NOT_RUN] - click(findTestObject("Logout/a_Logout")): NOT_RUN: click(findTestObject("Logout/a_Logout"))

2019-02-18 16:35:04 - [MESSAGE][NOT_RUN] - NOT_RUN: click(findTestObject("Logout/a_Logout"))

2019-02-18 16:35:04 - [TEST_STEP][NOT_RUN] - closeBrowser(): NOT_RUN: closeBrowser()

2019-02-18 16:35:04 - [MESSAGE][NOT_RUN] - NOT_RUN: closeBrowser()

2019-02-18 16:35:04 - [TEST_STEP][NOT_RUN] - toolkit.MySql.connectDB("CERRSQL2UTIL.aspnc.local", "ImplementationToolkit ", "4413", "ImpToolkit", "0E47iz93"): NOT_RUN: toolkit.MySql.connectDB("CERRSQL2UTIL.aspnc.local", "ImplementationToolkit ", "4413", "ImpToolkit", "0E47iz93")

2019-02-18 16:35:04 - [MESSAGE][NOT_RUN] - NOT_RUN: toolkit.MySql.connectDB("CERRSQL2UTIL.aspnc.local", "ImplementationToolkit ", "4413", "ImpToolkit", "0E47iz93")

2019-02-18 16:35:04 - [TEST_STEP][NOT_RUN] - Data = toolkit.MySql.executeQuery("select id from AspNetUsers where Email='purmanand.roopnah@sdworx.com';"): NOT_RUN: Data = toolkit.MySql.executeQuery("select id from AspNetUsers where Email='purmanand.roopnah@sdworx.com';")

2019-02-18 16:35:04 - [MESSAGE][NOT_RUN] - NOT_RUN: Data = toolkit.MySql.executeQuery("select id from AspNetUsers where Email='purmanand.roopnah@sdworx.com';")

2019-02-18 16:35:04 - [TEST_STEP][NOT_RUN] - PrintLn("Data"): NOT_RUN: PrintLn("Data")

2019-02-18 16:35:04 - [MESSAGE][NOT_RUN] - NOT_RUN: PrintLn("Data")

2019-02-18 16:35:04 - [MESSAGE][PASSED] - Call Test Case 'Test Cases/Smoke Test/ValidLogin' successfully

2019-02-18 16:35:04 - [TEST_STEP][FAILED] - callTestCase(findTestCase("Navigations/Navigation - Allowances"), [:], STOP_ON_FAILURE): callTestCase(findTestCase("Navigations/Navigation - Allowances"), [:], STOP_ON_FAILURE) FAILED.
Reason:
com.kms.katalon.core.exception.StepFailedException: Unable to click on object 'Object Repository/Navigations/Navigation - Allowances/button_Add Allowance' (Root cause: org.openqa.selenium.WebDriverException: unknown error: Element <button class="add btn btn-success" id="addAllowanceDetailsButton" style="margin-bottom:5px;">...</button> is not clickable at point (195, 331). Other element would receive the click: <div id="loader"></div>
  (Session info: chrome=72.0.3626.109)
  (Driver info: chromedriver=2.43.600210 (68dcf5eebde37173d4027fa8635e332711d2874a),platform=Windows NT 10.0.16299 x86_64) (WARNING: The server did not provide any stacktrace information)
Command duration or timeout: 0 milliseconds
Build info: version: '3.7.1', revision: '8a0099a', time: '2017-11-06T21:07:36.161Z'
System info: host: 'PC0871RF', ip: '192.168.97.1', os.name: 'Windows 10', os.arch: 'amd64', os.version: '10.0', java.version: '1.8.0_181'
Driver info: com.kms.katalon.selenium.driver.CChromeDriver
Capabilities {acceptInsecureCerts: false, acceptSslCerts: false, applicationCacheEnabled: false, browserConnectionEnabled: false, browserName: chrome, chrome: {chromedriverVersion: 2.43.600210 (68dcf5eebde371..., userDataDir: C:\Users\SD4665~1.DAN\AppDa...}, cssSelectorsEnabled: true, databaseEnabled: false, goog:chromeOptions: {debuggerAddress: localhost:50029}, handlesAlerts: true, hasTouchScreen: false, javascriptEnabled: true, locationContextEnabled: true, mobileEmulationEnabled: false, nativeEvents: true, networkConnectionEnabled: false, pageLoadStrategy: normal, platform: XP, platformName: XP, rotatable: false, setWindowRect: true, takesHeapSnapshot: true, takesScreenshot: true, unexpectedAlertBehaviour: , unhandledPromptBehavior: , version: 72.0.3626.109, webStorageEnabled: true}
Session ID: b100527dc32d8e5053d9a2f0d6454a8a)
	at com.kms.katalon.core.keyword.internal.KeywordMain.stepFailed(KeywordMain.groovy:36)
	at com.kms.katalon.core.webui.keyword.internal.WebUIKeywordMain.stepFailed(WebUIKeywordMain.groovy:65)
	at com.kms.katalon.core.webui.keyword.internal.WebUIKeywordMain.runKeyword(WebUIKeywordMain.groovy:27)
	at com.kms.katalon.core.webui.keyword.builtin.ClickKeyword.click(ClickKeyword.groovy:86)
	at com.kms.katalon.core.webui.keyword.builtin.ClickKeyword.execute(ClickKeyword.groovy:67)
	at com.kms.katalon.core.keyword.internal.KeywordExecutor.executeKeywordForPlatform(KeywordExecutor.groovy:53)
	at com.kms.katalon.core.webui.keyword.WebUiBuiltInKeywords.click(WebUiBuiltInKeywords.groovy:604)
	at com.kms.katalon.core.webui.keyword.WebUiBuiltInKeywords$click$9.call(Unknown Source)
	at Navigation - Allowances.run(Navigation - Allowances:38)
	at com.kms.katalon.core.main.ScriptEngine.run(ScriptEngine.java:194)
	at com.kms.katalon.core.main.ScriptEngine.runScriptAsRawText(ScriptEngine.java:119)
	at com.kms.katalon.core.main.TestCaseExecutor.runScript(TestCaseExecutor.java:328)
	at com.kms.katalon.core.main.TestCaseExecutor.doExecute(TestCaseExecutor.java:319)
	at com.kms.katalon.core.main.TestCaseExecutor.processExecutionPhase(TestCaseExecutor.java:298)
	at com.kms.katalon.core.main.TestCaseExecutor.accessMainPhase(TestCaseExecutor.java:290)
	at com.kms.katalon.core.main.TestCaseExecutor.execute(TestCaseExecutor.java:224)
	at com.kms.katalon.core.main.TestCaseMain.runTestCase(TestCaseMain.java:106)
	at com.kms.katalon.core.keyword.builtin.CallTestCaseKeyword$_callTestCase_closure1.doCall(CallTestCaseKeyword.groovy:59)
	at com.kms.katalon.core.keyword.builtin.CallTestCaseKeyword$_callTestCase_closure1.call(CallTestCaseKeyword.groovy)
	at com.kms.katalon.core.keyword.internal.KeywordMain.runKeyword(KeywordMain.groovy:54)
	at com.kms.katalon.core.keyword.builtin.CallTestCaseKeyword.callTestCase(CallTestCaseKeyword.groovy:80)
	at com.kms.katalon.core.keyword.builtin.CallTestCaseKeyword.execute(CallTestCaseKeyword.groovy:44)
	at com.kms.katalon.core.keyword.internal.KeywordExecutor.executeKeywordForPlatform(KeywordExecutor.groovy:53)
	at com.kms.katalon.core.keyword.BuiltinKeywords.callTestCase(BuiltinKeywords.groovy:334)
	at NavigationYourPayAndBenefits.run(NavigationYourPayAndBenefits:18)
	at com.kms.katalon.core.main.ScriptEngine.run(ScriptEngine.java:194)
	at com.kms.katalon.core.main.ScriptEngine.runScriptAsRawText(ScriptEngine.java:119)
	at com.kms.katalon.core.main.TestCaseExecutor.runScript(TestCaseExecutor.java:328)
	at com.kms.katalon.core.main.TestCaseExecutor.doExecute(TestCaseExecutor.java:319)
	at com.kms.katalon.core.main.TestCaseExecutor.processExecutionPhase(TestCaseExecutor.java:298)
	at com.kms.katalon.core.main.TestCaseExecutor.accessMainPhase(TestCaseExecutor.java:290)
	at com.kms.katalon.core.main.TestCaseExecutor.execute(TestCaseExecutor.java:224)
	at com.kms.katalon.core.main.TestSuiteExecutor.accessTestCaseMainPhase(TestSuiteExecutor.java:129)
	at com.kms.katalon.core.main.TestSuiteExecutor.accessTestSuiteMainPhase(TestSuiteExecutor.java:112)
	at com.kms.katalon.core.main.TestSuiteExecutor.execute(TestSuiteExecutor.java:81)
	at com.kms.katalon.core.main.TestCaseMain.startTestSuite(TestCaseMain.java:149)
	at com.kms.katalon.core.main.TestCaseMain$startTestSuite$0.call(Unknown Source)
	at TempTestSuite1550493175167.run(TempTestSuite1550493175167.groovy:36)


2019-02-18 16:35:04 - [TEST_CASE][FAILED] - Test Cases/Navigations/Navigation - Allowances: Test Cases/Navigations/Navigation - Allowances FAILED.
Reason:
com.kms.katalon.core.exception.StepFailedException: Unable to click on object 'Object Repository/Navigations/Navigation - Allowances/button_Add Allowance' (Root cause: org.openqa.selenium.WebDriverException: unknown error: Element <button class="add btn btn-success" id="addAllowanceDetailsButton" style="margin-bottom:5px;">...</button> is not clickable at point (195, 331). Other element would receive the click: <div id="loader"></div>
  (Session info: chrome=72.0.3626.109)
  (Driver info: chromedriver=2.43.600210 (68dcf5eebde37173d4027fa8635e332711d2874a),platform=Windows NT 10.0.16299 x86_64) (WARNING: The server did not provide any stacktrace information)
Command duration or timeout: 0 milliseconds
Build info: version: '3.7.1', revision: '8a0099a', time: '2017-11-06T21:07:36.161Z'
System info: host: 'PC0871RF', ip: '192.168.97.1', os.name: 'Windows 10', os.arch: 'amd64', os.version: '10.0', java.version: '1.8.0_181'
Driver info: com.kms.katalon.selenium.driver.CChromeDriver
Capabilities {acceptInsecureCerts: false, acceptSslCerts: false, applicationCacheEnabled: false, browserConnectionEnabled: false, browserName: chrome, chrome: {chromedriverVersion: 2.43.600210 (68dcf5eebde371..., userDataDir: C:\Users\SD4665~1.DAN\AppDa...}, cssSelectorsEnabled: true, databaseEnabled: false, goog:chromeOptions: {debuggerAddress: localhost:50029}, handlesAlerts: true, hasTouchScreen: false, javascriptEnabled: true, locationContextEnabled: true, mobileEmulationEnabled: false, nativeEvents: true, networkConnectionEnabled: false, pageLoadStrategy: normal, platform: XP, platformName: XP, rotatable: false, setWindowRect: true, takesHeapSnapshot: true, takesScreenshot: true, unexpectedAlertBehaviour: , unhandledPromptBehavior: , version: 72.0.3626.109, webStorageEnabled: true}
Session ID: b100527dc32d8e5053d9a2f0d6454a8a)
	at com.kms.katalon.core.keyword.internal.KeywordMain.stepFailed(KeywordMain.groovy:36)
	at com.kms.katalon.core.webui.keyword.internal.WebUIKeywordMain.stepFailed(WebUIKeywordMain.groovy:65)
	at com.kms.katalon.core.webui.keyword.internal.WebUIKeywordMain.runKeyword(WebUIKeywordMain.groovy:27)
	at com.kms.katalon.core.webui.keyword.builtin.ClickKeyword.click(ClickKeyword.groovy:86)
	at com.kms.katalon.core.webui.keyword.builtin.ClickKeyword.execute(ClickKeyword.groovy:67)
	at com.kms.katalon.core.keyword.internal.KeywordExecutor.executeKeywordForPlatform(KeywordExecutor.groovy:53)
	at com.kms.katalon.core.webui.keyword.WebUiBuiltInKeywords.click(WebUiBuiltInKeywords.groovy:604)
	at com.kms.katalon.core.webui.keyword.WebUiBuiltInKeywords$click$9.call(Unknown Source)
	at Navigation - Allowances.run(Navigation - Allowances:38)
	at com.kms.katalon.core.main.ScriptEngine.run(ScriptEngine.java:194)
	at com.kms.katalon.core.main.ScriptEngine.runScriptAsRawText(ScriptEngine.java:119)
	at com.kms.katalon.core.main.TestCaseExecutor.runScript(TestCaseExecutor.java:328)
	at com.kms.katalon.core.main.TestCaseExecutor.doExecute(TestCaseExecutor.java:319)
	at com.kms.katalon.core.main.TestCaseExecutor.processExecutionPhase(TestCaseExecutor.java:298)
	at com.kms.katalon.core.main.TestCaseExecutor.accessMainPhase(TestCaseExecutor.java:290)
	at com.kms.katalon.core.main.TestCaseExecutor.execute(TestCaseExecutor.java:224)
	at com.kms.katalon.core.main.TestCaseMain.runTestCase(TestCaseMain.java:106)
	at com.kms.katalon.core.keyword.builtin.CallTestCaseKeyword$_callTestCase_closure1.doCall(CallTestCaseKeyword.groovy:59)
	at com.kms.katalon.core.keyword.builtin.CallTestCaseKeyword$_callTestCase_closure1.call(CallTestCaseKeyword.groovy)
	at com.kms.katalon.core.keyword.internal.KeywordMain.runKeyword(KeywordMain.groovy:54)
	at com.kms.katalon.core.keyword.builtin.CallTestCaseKeyword.callTestCase(CallTestCaseKeyword.groovy:80)
	at com.kms.katalon.core.keyword.builtin.CallTestCaseKeyword.execute(CallTestCaseKeyword.groovy:44)
	at com.kms.katalon.core.keyword.internal.KeywordExecutor.executeKeywordForPlatform(KeywordExecutor.groovy:53)
	at com.kms.katalon.core.keyword.BuiltinKeywords.callTestCase(BuiltinKeywords.groovy:334)
	at NavigationYourPayAndBenefits.run(NavigationYourPayAndBenefits:18)
	at com.kms.katalon.core.main.ScriptEngine.run(ScriptEngine.java:194)
	at com.kms.katalon.core.main.ScriptEngine.runScriptAsRawText(ScriptEngine.java:119)
	at com.kms.katalon.core.main.TestCaseExecutor.runScript(TestCaseExecutor.java:328)
	at com.kms.katalon.core.main.TestCaseExecutor.doExecute(TestCaseExecutor.java:319)
	at com.kms.katalon.core.main.TestCaseExecutor.processExecutionPhase(TestCaseExecutor.java:298)
	at com.kms.katalon.core.main.TestCaseExecutor.accessMainPhase(TestCaseExecutor.java:290)
	at com.kms.katalon.core.main.TestCaseExecutor.execute(TestCaseExecutor.java:224)
	at com.kms.katalon.core.main.TestSuiteExecutor.accessTestCaseMainPhase(TestSuiteExecutor.java:129)
	at com.kms.katalon.core.main.TestSuiteExecutor.accessTestSuiteMainPhase(TestSuiteExecutor.java:112)
	at com.kms.katalon.core.main.TestSuiteExecutor.execute(TestSuiteExecutor.java:81)
	at com.kms.katalon.core.main.TestCaseMain.startTestSuite(TestCaseMain.java:149)
	at com.kms.katalon.core.main.TestCaseMain$startTestSuite$0.call(Unknown Source)
	at TempTestSuite1550493175167.run(TempTestSuite1550493175167.groovy:36)


2019-02-18 16:35:05 - [TEST_STEP][PASSED] - delay(5): Delayed 5 second(s)

2019-02-18 16:35:10 - [MESSAGE][PASSED] - Delayed 5 second(s)

2019-02-18 16:35:10 - [TEST_STEP][PASSED] - click(findTestObject("Navigations/Navigation - Allowances/Your Pay  Benefits")): Object: 'Object Repository/Navigations/Navigation - Allowances/Your Pay  Benefits' is clicked on

2019-02-18 16:35:10 - [MESSAGE][PASSED] - Object: 'Object Repository/Navigations/Navigation - Allowances/Your Pay  Benefits' is clicked on

2019-02-18 16:35:10 - [TEST_STEP][PASSED] - delay(2): Delayed 2 second(s)

2019-02-18 16:35:12 - [MESSAGE][PASSED] - Delayed 2 second(s)

2019-02-18 16:35:12 - [TEST_STEP][PASSED] - click(findTestObject("Navigations/Navigation - Allowances/Allowances")): Object: 'Object Repository/Navigations/Navigation - Allowances/Allowances' is clicked on

2019-02-18 16:35:14 - [MESSAGE][PASSED] - Object: 'Object Repository/Navigations/Navigation - Allowances/Allowances' is clicked on

2019-02-18 16:35:14 - [TEST_STEP][PASSED] - verifyElementPresent(findTestObject("Navigations/Navigation - Allowances/button_Add Allowance"), 0): Object 'Object Repository/Navigations/Navigation - Allowances/button_Add Allowance' is present

2019-02-18 16:35:14 - [MESSAGE][WARNING] - Timeout '0' is invalid. Using default page load timeout: '30'

2019-02-18 16:35:14 - [MESSAGE][PASSED] - Object 'Object Repository/Navigations/Navigation - Allowances/button_Add Allowance' is present

2019-02-18 16:35:14 - [TEST_STEP][FAILED] - click(findTestObject("Navigations/Navigation - Allowances/button_Add Allowance"), STOP_ON_FAILURE): click(findTestObject("Navigations/Navigation - Allowances/button_Add Allowance"), STOP_ON_FAILURE) FAILED.
Reason:
com.kms.katalon.core.exception.StepFailedException: Unable to click on object 'Object Repository/Navigations/Navigation - Allowances/button_Add Allowance' (Root cause: org.openqa.selenium.WebDriverException: unknown error: Element <button class="add btn btn-success" id="addAllowanceDetailsButton" style="margin-bottom:5px;">...</button> is not clickable at point (195, 331). Other element would receive the click: <div id="loader"></div>
  (Session info: chrome=72.0.3626.109)
  (Driver info: chromedriver=2.43.600210 (68dcf5eebde37173d4027fa8635e332711d2874a),platform=Windows NT 10.0.16299 x86_64) (WARNING: The server did not provide any stacktrace information)
Command duration or timeout: 0 milliseconds
Build info: version: '3.7.1', revision: '8a0099a', time: '2017-11-06T21:07:36.161Z'
System info: host: 'PC0871RF', ip: '192.168.97.1', os.name: 'Windows 10', os.arch: 'amd64', os.version: '10.0', java.version: '1.8.0_181'
Driver info: com.kms.katalon.selenium.driver.CChromeDriver
Capabilities {acceptInsecureCerts: false, acceptSslCerts: false, applicationCacheEnabled: false, browserConnectionEnabled: false, browserName: chrome, chrome: {chromedriverVersion: 2.43.600210 (68dcf5eebde371..., userDataDir: C:\Users\SD4665~1.DAN\AppDa...}, cssSelectorsEnabled: true, databaseEnabled: false, goog:chromeOptions: {debuggerAddress: localhost:50029}, handlesAlerts: true, hasTouchScreen: false, javascriptEnabled: true, locationContextEnabled: true, mobileEmulationEnabled: false, nativeEvents: true, networkConnectionEnabled: false, pageLoadStrategy: normal, platform: XP, platformName: XP, rotatable: false, setWindowRect: true, takesHeapSnapshot: true, takesScreenshot: true, unexpectedAlertBehaviour: , unhandledPromptBehavior: , version: 72.0.3626.109, webStorageEnabled: true}
Session ID: b100527dc32d8e5053d9a2f0d6454a8a)
	at com.kms.katalon.core.keyword.internal.KeywordMain.stepFailed(KeywordMain.groovy:36)
	at com.kms.katalon.core.webui.keyword.internal.WebUIKeywordMain.stepFailed(WebUIKeywordMain.groovy:65)
	at com.kms.katalon.core.webui.keyword.internal.WebUIKeywordMain.runKeyword(WebUIKeywordMain.groovy:27)
	at com.kms.katalon.core.webui.keyword.builtin.ClickKeyword.click(ClickKeyword.groovy:86)
	at com.kms.katalon.core.webui.keyword.builtin.ClickKeyword.execute(ClickKeyword.groovy:67)
	at com.kms.katalon.core.keyword.internal.KeywordExecutor.executeKeywordForPlatform(KeywordExecutor.groovy:53)
	at com.kms.katalon.core.webui.keyword.WebUiBuiltInKeywords.click(WebUiBuiltInKeywords.groovy:604)
	at com.kms.katalon.core.webui.keyword.WebUiBuiltInKeywords$click$9.call(Unknown Source)
	at Navigation - Allowances.run(Navigation - Allowances:38)
	at com.kms.katalon.core.main.ScriptEngine.run(ScriptEngine.java:194)
	at com.kms.katalon.core.main.ScriptEngine.runScriptAsRawText(ScriptEngine.java:119)
	at com.kms.katalon.core.main.TestCaseExecutor.runScript(TestCaseExecutor.java:328)
	at com.kms.katalon.core.main.TestCaseExecutor.doExecute(TestCaseExecutor.java:319)
	at com.kms.katalon.core.main.TestCaseExecutor.processExecutionPhase(TestCaseExecutor.java:298)
	at com.kms.katalon.core.main.TestCaseExecutor.accessMainPhase(TestCaseExecutor.java:290)
	at com.kms.katalon.core.main.TestCaseExecutor.execute(TestCaseExecutor.java:224)
	at com.kms.katalon.core.main.TestCaseMain.runTestCase(TestCaseMain.java:106)
	at com.kms.katalon.core.keyword.builtin.CallTestCaseKeyword$_callTestCase_closure1.doCall(CallTestCaseKeyword.groovy:59)
	at com.kms.katalon.core.keyword.builtin.CallTestCaseKeyword$_callTestCase_closure1.call(CallTestCaseKeyword.groovy)
	at com.kms.katalon.core.keyword.internal.KeywordMain.runKeyword(KeywordMain.groovy:54)
	at com.kms.katalon.core.keyword.builtin.CallTestCaseKeyword.callTestCase(CallTestCaseKeyword.groovy:80)
	at com.kms.katalon.core.keyword.builtin.CallTestCaseKeyword.execute(CallTestCaseKeyword.groovy:44)
	at com.kms.katalon.core.keyword.internal.KeywordExecutor.executeKeywordForPlatform(KeywordExecutor.groovy:53)
	at com.kms.katalon.core.keyword.BuiltinKeywords.callTestCase(BuiltinKeywords.groovy:334)
	at NavigationYourPayAndBenefits.run(NavigationYourPayAndBenefits:18)
	at com.kms.katalon.core.main.ScriptEngine.run(ScriptEngine.java:194)
	at com.kms.katalon.core.main.ScriptEngine.runScriptAsRawText(ScriptEngine.java:119)
	at com.kms.katalon.core.main.TestCaseExecutor.runScript(TestCaseExecutor.java:328)
	at com.kms.katalon.core.main.TestCaseExecutor.doExecute(TestCaseExecutor.java:319)
	at com.kms.katalon.core.main.TestCaseExecutor.processExecutionPhase(TestCaseExecutor.java:298)
	at com.kms.katalon.core.main.TestCaseExecutor.accessMainPhase(TestCaseExecutor.java:290)
	at com.kms.katalon.core.main.TestCaseExecutor.execute(TestCaseExecutor.java:224)
	at com.kms.katalon.core.main.TestSuiteExecutor.accessTestCaseMainPhase(TestSuiteExecutor.java:129)
	at com.kms.katalon.core.main.TestSuiteExecutor.accessTestSuiteMainPhase(TestSuiteExecutor.java:112)
	at com.kms.katalon.core.main.TestSuiteExecutor.execute(TestSuiteExecutor.java:81)
	at com.kms.katalon.core.main.TestCaseMain.startTestSuite(TestCaseMain.java:149)
	at com.kms.katalon.core.main.TestCaseMain$startTestSuite$0.call(Unknown Source)
	at TempTestSuite1550493175167.run(TempTestSuite1550493175167.groovy:36)


2019-02-18 16:35:15 - [MESSAGE][FAILED] - Unable to click on object 'Object Repository/Navigations/Navigation - Allowances/button_Add Allowance' (Root cause: org.openqa.selenium.WebDriverException: unknown error: Element <button class="add btn btn-success" id="addAllowanceDetailsButton" style="margin-bottom:5px;">...</button> is not clickable at point (195, 331). Other element would receive the click: <div id="loader"></div>
  (Session info: chrome=72.0.3626.109)
  (Driver info: chromedriver=2.43.600210 (68dcf5eebde37173d4027fa8635e332711d2874a),platform=Windows NT 10.0.16299 x86_64) (WARNING: The server did not provide any stacktrace information)
Command duration or timeout: 0 milliseconds
Build info: version: '3.7.1', revision: '8a0099a', time: '2017-11-06T21:07:36.161Z'
System info: host: 'PC0871RF', ip: '192.168.97.1', os.name: 'Windows 10', os.arch: 'amd64', os.version: '10.0', java.version: '1.8.0_181'
Driver info: com.kms.katalon.selenium.driver.CChromeDriver
Capabilities {acceptInsecureCerts: false, acceptSslCerts: false, applicationCacheEnabled: false, browserConnectionEnabled: false, browserName: chrome, chrome: {chromedriverVersion: 2.43.600210 (68dcf5eebde371..., userDataDir: C:\Users\SD4665~1.DAN\AppDa...}, cssSelectorsEnabled: true, databaseEnabled: false, goog:chromeOptions: {debuggerAddress: localhost:50029}, handlesAlerts: true, hasTouchScreen: false, javascriptEnabled: true, locationContextEnabled: true, mobileEmulationEnabled: false, nativeEvents: true, networkConnectionEnabled: false, pageLoadStrategy: normal, platform: XP, platformName: XP, rotatable: false, setWindowRect: true, takesHeapSnapshot: true, takesScreenshot: true, unexpectedAlertBehaviour: , unhandledPromptBehavior: , version: 72.0.3626.109, webStorageEnabled: true}
Session ID: b100527dc32d8e5053d9a2f0d6454a8a)
[[ATTACHMENT|C:\\Users\\SD466525.DAN001\\git\\Test-Automation_ToolkitVersion2\\Reports\\Smoke Test\\20190218_163250\\1550493314711.png]]

2019-02-18 16:35:15 - [MESSAGE][FAILED] - click(findTestObject("Navigations/Navigation - Allowances/button_Add Allowance"), STOP_ON_FAILURE) FAILED.
Reason:
com.kms.katalon.core.exception.StepFailedException: Unable to click on object 'Object Repository/Navigations/Navigation - Allowances/button_Add Allowance' (Root cause: org.openqa.selenium.WebDriverException: unknown error: Element <button class="add btn btn-success" id="addAllowanceDetailsButton" style="margin-bottom:5px;">...</button> is not clickable at point (195, 331). Other element would receive the click: <div id="loader"></div>
  (Session info: chrome=72.0.3626.109)
  (Driver info: chromedriver=2.43.600210 (68dcf5eebde37173d4027fa8635e332711d2874a),platform=Windows NT 10.0.16299 x86_64) (WARNING: The server did not provide any stacktrace information)
Command duration or timeout: 0 milliseconds
Build info: version: '3.7.1', revision: '8a0099a', time: '2017-11-06T21:07:36.161Z'
System info: host: 'PC0871RF', ip: '192.168.97.1', os.name: 'Windows 10', os.arch: 'amd64', os.version: '10.0', java.version: '1.8.0_181'
Driver info: com.kms.katalon.selenium.driver.CChromeDriver
Capabilities {acceptInsecureCerts: false, acceptSslCerts: false, applicationCacheEnabled: false, browserConnectionEnabled: false, browserName: chrome, chrome: {chromedriverVersion: 2.43.600210 (68dcf5eebde371..., userDataDir: C:\Users\SD4665~1.DAN\AppDa...}, cssSelectorsEnabled: true, databaseEnabled: false, goog:chromeOptions: {debuggerAddress: localhost:50029}, handlesAlerts: true, hasTouchScreen: false, javascriptEnabled: true, locationContextEnabled: true, mobileEmulationEnabled: false, nativeEvents: true, networkConnectionEnabled: false, pageLoadStrategy: normal, platform: XP, platformName: XP, rotatable: false, setWindowRect: true, takesHeapSnapshot: true, takesScreenshot: true, unexpectedAlertBehaviour: , unhandledPromptBehavior: , version: 72.0.3626.109, webStorageEnabled: true}
Session ID: b100527dc32d8e5053d9a2f0d6454a8a)
	at com.kms.katalon.core.keyword.internal.KeywordMain.stepFailed(KeywordMain.groovy:36)
	at com.kms.katalon.core.webui.keyword.internal.WebUIKeywordMain.stepFailed(WebUIKeywordMain.groovy:65)
	at com.kms.katalon.core.webui.keyword.internal.WebUIKeywordMain.runKeyword(WebUIKeywordMain.groovy:27)
	at com.kms.katalon.core.webui.keyword.builtin.ClickKeyword.click(ClickKeyword.groovy:86)
	at com.kms.katalon.core.webui.keyword.builtin.ClickKeyword.execute(ClickKeyword.groovy:67)
	at com.kms.katalon.core.keyword.internal.KeywordExecutor.executeKeywordForPlatform(KeywordExecutor.groovy:53)
	at com.kms.katalon.core.webui.keyword.WebUiBuiltInKeywords.click(WebUiBuiltInKeywords.groovy:604)
	at com.kms.katalon.core.webui.keyword.WebUiBuiltInKeywords$click$9.call(Unknown Source)
	at Navigation - Allowances.run(Navigation - Allowances:38)
	at com.kms.katalon.core.main.ScriptEngine.run(ScriptEngine.java:194)
	at com.kms.katalon.core.main.ScriptEngine.runScriptAsRawText(ScriptEngine.java:119)
	at com.kms.katalon.core.main.TestCaseExecutor.runScript(TestCaseExecutor.java:328)
	at com.kms.katalon.core.main.TestCaseExecutor.doExecute(TestCaseExecutor.java:319)
	at com.kms.katalon.core.main.TestCaseExecutor.processExecutionPhase(TestCaseExecutor.java:298)
	at com.kms.katalon.core.main.TestCaseExecutor.accessMainPhase(TestCaseExecutor.java:290)
	at com.kms.katalon.core.main.TestCaseExecutor.execute(TestCaseExecutor.java:224)
	at com.kms.katalon.core.main.TestCaseMain.runTestCase(TestCaseMain.java:106)
	at com.kms.katalon.core.keyword.builtin.CallTestCaseKeyword$_callTestCase_closure1.doCall(CallTestCaseKeyword.groovy:59)
	at com.kms.katalon.core.keyword.builtin.CallTestCaseKeyword$_callTestCase_closure1.call(CallTestCaseKeyword.groovy)
	at com.kms.katalon.core.keyword.internal.KeywordMain.runKeyword(KeywordMain.groovy:54)
	at com.kms.katalon.core.keyword.builtin.CallTestCaseKeyword.callTestCase(CallTestCaseKeyword.groovy:80)
[...]
                                 Reconciliation
                            ' or . = '
                                 Reconciliation
                            ')]' not found)
	at com.kms.katalon.core.keyword.internal.KeywordMain.stepFailed(KeywordMain.groovy:36)
	at com.kms.katalon.core.webui.keyword.internal.WebUIKeywordMain.stepFailed(WebUIKeywordMain.groovy:65)
	at com.kms.katalon.core.webui.keyword.internal.WebUIKeywordMain.runKeyword(WebUIKeywordMain.groovy:27)
	at com.kms.katalon.core.webui.keyword.builtin.ClickKeyword.click(ClickKeyword.groovy:86)
	at com.kms.katalon.core.webui.keyword.builtin.ClickKeyword.execute(ClickKeyword.groovy:67)
	at com.kms.katalon.core.keyword.internal.KeywordExecutor.executeKeywordForPlatform(KeywordExecutor.groovy:53)
	at com.kms.katalon.core.webui.keyword.WebUiBuiltInKeywords.click(WebUiBuiltInKeywords.groovy:616)
	at com.kms.katalon.core.webui.keyword.WebUiBuiltInKeywords$click$3.call(Unknown Source)
	at Navigation - Reporting.run(Navigation - Reporting:20)
	at com.kms.katalon.core.main.ScriptEngine.run(ScriptEngine.java:194)
	at com.kms.katalon.core.main.ScriptEngine.runScriptAsRawText(ScriptEngine.java:119)
	at com.kms.katalon.core.main.TestCaseExecutor.runScript(TestCaseExecutor.java:328)
	at com.kms.katalon.core.main.TestCaseExecutor.doExecute(TestCaseExecutor.java:319)
	at com.kms.katalon.core.main.TestCaseExecutor.processExecutionPhase(TestCaseExecutor.java:298)
	at com.kms.katalon.core.main.TestCaseExecutor.accessMainPhase(TestCaseExecutor.java:290)
	at com.kms.katalon.core.main.TestCaseExecutor.execute(TestCaseExecutor.java:224)
	at com.kms.katalon.core.main.TestSuiteExecutor.accessTestCaseMainPhase(TestSuiteExecutor.java:129)
	at com.kms.katalon.core.main.TestSuiteExecutor.accessTestSuiteMainPhase(TestSuiteExecutor.java:112)
	at com.kms.katalon.core.main.TestSuiteExecutor.execute(TestSuiteExecutor.java:81)
	at com.kms.katalon.core.main.TestCaseMain.startTestSuite(TestCaseMain.java:149)
	at com.kms.katalon.core.main.TestCaseMain$startTestSuite$0.call(Unknown Source)
	at TempTestSuite1550493175167.run(TempTestSuite1550493175167.groovy:36)


2019-02-18 16:41:33 - [MESSAGE][INFO] - Unable to find the element located by 'By.xpath: //a[@href = '/reconciliation' and (text() = '
                                 Reconciliation
                            ' or . = '
                                 Reconciliation
                            ')]'. Please recheck the objects properties to make sure the desired element is located. 

2019-02-18 16:41:33 - [MESSAGE][FAILED] - Unable to click on object 'Object Repository/Navigations/Navigation - Payrun Comparison/a_Reconciliation' (Root cause: com.kms.katalon.core.webui.exception.WebElementNotFoundException: Web element with id: 'Object Repository/Navigations/Navigation - Payrun Comparison/a_Reconciliation' located by 'By.xpath: //a[@href = '/reconciliation' and (text() = '
                                 Reconciliation
                            ' or . = '
                                 Reconciliation
                            ')]' not found)
[[ATTACHMENT|C:\\Users\\SD466525.DAN001\\git\\Test-Automation_ToolkitVersion2\\Reports\\Smoke Test\\20190218_163250\\1550493693371.png]]

2019-02-18 16:41:33 - [MESSAGE][FAILED] - click(findTestObject("Navigations/Navigation - Payrun Comparison/a_Reconciliation")) FAILED.
Reason:
com.kms.katalon.core.exception.StepFailedException: Unable to click on object 'Object Repository/Navigations/Navigation - Payrun Comparison/a_Reconciliation' (Root cause: com.kms.katalon.core.webui.exception.WebElementNotFoundException: Web element with id: 'Object Repository/Navigations/Navigation - Payrun Comparison/a_Reconciliation' located by 'By.xpath: //a[@href = '/reconciliation' and (text() = '
                                 Reconciliation
                            ' or . = '
                                 Reconciliation
                            ')]' not found)
	at com.kms.katalon.core.keyword.internal.KeywordMain.stepFailed(KeywordMain.groovy:36)
	at com.kms.katalon.core.webui.keyword.internal.WebUIKeywordMain.stepFailed(WebUIKeywordMain.groovy:65)
	at com.kms.katalon.core.webui.keyword.internal.WebUIKeywordMain.runKeyword(WebUIKeywordMain.groovy:27)
	at com.kms.katalon.core.webui.keyword.builtin.ClickKeyword.click(ClickKeyword.groovy:86)
	at com.kms.katalon.core.webui.keyword.builtin.ClickKeyword.execute(ClickKeyword.groovy:67)
	at com.kms.katalon.core.keyword.internal.KeywordExecutor.executeKeywordForPlatform(KeywordExecutor.groovy:53)
	at com.kms.katalon.core.webui.keyword.WebUiBuiltInKeywords.click(WebUiBuiltInKeywords.groovy:616)
	at com.kms.katalon.core.webui.keyword.WebUiBuiltInKeywords$click$3.call(Unknown Source)
	at Navigation - Reporting.run(Navigation - Reporting:20)
	at com.kms.katalon.core.main.ScriptEngine.run(ScriptEngine.java:194)
	at com.kms.katalon.core.main.ScriptEngine.runScriptAsRawText(ScriptEngine.java:119)
	at com.kms.katalon.core.main.TestCaseExecutor.runScript(TestCaseExecutor.java:328)
	at com.kms.katalon.core.main.TestCaseExecutor.doExecute(TestCaseExecutor.java:319)
	at com.kms.katalon.core.main.TestCaseExecutor.processExecutionPhase(TestCaseExecutor.java:298)
	at com.kms.katalon.core.main.TestCaseExecutor.accessMainPhase(TestCaseExecutor.java:290)
	at com.kms.katalon.core.main.TestCaseExecutor.execute(TestCaseExecutor.java:224)
	at com.kms.katalon.core.main.TestSuiteExecutor.accessTestCaseMainPhase(TestSuiteExecutor.java:129)
	at com.kms.katalon.core.main.TestSuiteExecutor.accessTestSuiteMainPhase(TestSuiteExecutor.java:112)
	at com.kms.katalon.core.main.TestSuiteExecutor.execute(TestSuiteExecutor.java:81)
	at com.kms.katalon.core.main.TestCaseMain.startTestSuite(TestCaseMain.java:149)
	at com.kms.katalon.core.main.TestCaseMain$startTestSuite$0.call(Unknown Source)
	at TempTestSuite1550493175167.run(TempTestSuite1550493175167.groovy:36)]]></system-out>
         <system-err><![CDATA[2019-02-18 16:40:46 - [TEST_CASE][FAILED] - Test Cases/Smoke Test/Navigation - Reporting: Test Cases/Smoke Test/Navigation - Reporting FAILED.
Reason:
com.kms.katalon.core.exception.StepFailedException: Unable to click on object 'Object Repository/Navigations/Navigation - Payrun Comparison/a_Reconciliation' (Root cause: com.kms.katalon.core.webui.exception.WebElementNotFoundException: Web element with id: 'Object Repository/Navigations/Navigation - Payrun Comparison/a_Reconciliation' located by 'By.xpath: //a[@href = '/reconciliation' and (text() = '
                                 Reconciliation
                            ' or . = '
                                 Reconciliation
                            ')]' not found)
	at com.kms.katalon.core.keyword.internal.KeywordMain.stepFailed(KeywordMain.groovy:36)
	at com.kms.katalon.core.webui.keyword.internal.WebUIKeywordMain.stepFailed(WebUIKeywordMain.groovy:65)
	at com.kms.katalon.core.webui.keyword.internal.WebUIKeywordMain.runKeyword(WebUIKeywordMain.groovy:27)
	at com.kms.katalon.core.webui.keyword.builtin.ClickKeyword.click(ClickKeyword.groovy:86)
	at com.kms.katalon.core.webui.keyword.builtin.ClickKeyword.execute(ClickKeyword.groovy:67)
	at com.kms.katalon.core.keyword.internal.KeywordExecutor.executeKeywordForPlatform(KeywordExecutor.groovy:53)
	at com.kms.katalon.core.webui.keyword.WebUiBuiltInKeywords.click(WebUiBuiltInKeywords.groovy:616)
	at com.kms.katalon.core.webui.keyword.WebUiBuiltInKeywords$click$3.call(Unknown Source)
	at Navigation - Reporting.run(Navigation - Reporting:20)
	at com.kms.katalon.core.main.ScriptEngine.run(ScriptEngine.java:194)
	at com.kms.katalon.core.main.ScriptEngine.runScriptAsRawText(ScriptEngine.java:119)
	at com.kms.katalon.core.main.TestCaseExecutor.runScript(TestCaseExecutor.java:328)
	at com.kms.katalon.core.main.TestCaseExecutor.doExecute(TestCaseExecutor.java:319)
	at com.kms.katalon.core.main.TestCaseExecutor.processExecutionPhase(TestCaseExecutor.java:298)
	at com.kms.katalon.core.main.TestCaseExecutor.accessMainPhase(TestCaseExecutor.java:290)
	at com.kms.katalon.core.main.TestCaseExecutor.execute(TestCaseExecutor.java:224)
	at com.kms.katalon.core.main.TestSuiteExecutor.accessTestCaseMainPhase(TestSuiteExecutor.java:129)
	at com.kms.katalon.core.main.TestSuiteExecutor.accessTestSuiteMainPhase(TestSuiteExecutor.java:112)
	at com.kms.katalon.core.main.TestSuiteExecutor.execute(TestSuiteExecutor.java:81)
	at com.kms.katalon.core.main.TestCaseMain.startTestSuite(TestCaseMain.java:149)
	at com.kms.katalon.core.main.TestCaseMain$startTestSuite$0.call(Unknown Source)
	at TempTestSuite1550493175167.run(TempTestSuite1550493175167.groovy:36)]]></system-err>
      </testcase>
      <system-out><![CDATA[2019-02-18 16:32:58 - [TEST_SUITE][FAILED] - Smoke Test: Test Cases/Smoke Test/NavigationYourPayAndBenefits FAILED.
Reason:
com.kms.katalon.core.exception.StepFailedException: Unable to click on object 'Object Repository/Navigations/Navigation - Allowances/button_Add Allowance' (Root cause: org.openqa.selenium.WebDriverException: unknown error: Element <button class="add btn btn-success" id="addAllowanceDetailsButton" style="margin-bottom:5px;">...</button> is not clickable at point (195, 331). Other element would receive the click: <div id="loader"></div>
  (Session info: chrome=72.0.3626.109)
  (Driver info: chromedriver=2.43.600210 (68dcf5eebde37173d4027fa8635e332711d2874a),platform=Windows NT 10.0.16299 x86_64) (WARNING: The server did not provide any stacktrace information)
Command duration or timeout: 0 milliseconds
Build info: version: '3.7.1', revision: '8a0099a', time: '2017-11-06T21:07:36.161Z'
System info: host: 'PC0871RF', ip: '192.168.97.1', os.name: 'Windows 10', os.arch: 'amd64', os.version: '10.0', java.version: '1.8.0_181'
Driver info: com.kms.katalon.selenium.driver.CChromeDriver
Capabilities {acceptInsecureCerts: false, acceptSslCerts: false, applicationCacheEnabled: false, browserConnectionEnabled: false, browserName: chrome, chrome: {chromedriverVersion: 2.43.600210 (68dcf5eebde371..., userDataDir: C:\Users\SD4665~1.DAN\AppDa...}, cssSelectorsEnabled: true, databaseEnabled: false, goog:chromeOptions: {debuggerAddress: localhost:50029}, handlesAlerts: true, hasTouchScreen: false, javascriptEnabled: true, locationContextEnabled: true, mobileEmulationEnabled: false, nativeEvents: true, networkConnectionEnabled: false, pageLoadStrategy: normal, platform: XP, platformName: XP, rotatable: false, setWindowRect: true, takesHeapSnapshot: true, takesScreenshot: true, unexpectedAlertBehaviour: , unhandledPromptBehavior: , version: 72.0.3626.109, webStorageEnabled: true}
Session ID: b100527dc32d8e5053d9a2f0d6454a8a)
	at com.kms.katalon.core.keyword.internal.KeywordMain.stepFailed(KeywordMain.groovy:36)
	at com.kms.katalon.core.webui.keyword.internal.WebUIKeywordMain.stepFailed(WebUIKeywordMain.groovy:65)
	at com.kms.katalon.core.webui.keyword.internal.WebUIKeywordMain.runKeyword(WebUIKeywordMain.groovy:27)
	at com.kms.katalon.core.webui.keyword.builtin.ClickKeyword.click(ClickKeyword.groovy:86)
	at com.kms.katalon.core.webui.keyword.builtin.ClickKeyword.execute(ClickKeyword.groovy:67)
	at com.kms.katalon.core.keyword.internal.KeywordExecutor.executeKeywordForPlatform(KeywordExecutor.groovy:53)
	at com.kms.katalon.core.webui.keyword.WebUiBuiltInKeywords.click(WebUiBuiltInKeywords.groovy:604)
	at com.kms.katalon.core.webui.keyword.WebUiBuiltInKeywords$click$9.call(Unknown Source)
	at Navigation - Allowances.run(Navigation - Allowances:38)
	at com.kms.katalon.core.main.ScriptEngine.run(ScriptEngine.java:194)
	at com.kms.katalon.core.main.ScriptEngine.runScriptAsRawText(ScriptEngine.java:119)
	at com.kms.katalon.core.main.TestCaseExecutor.runScript(TestCaseExecutor.java:328)
	at com.kms.katalon.core.main.TestCaseExecutor.doExecute(TestCaseExecutor.java:319)
	at com.kms.katalon.core.main.TestCaseExecutor.processExecutionPhase(TestCaseExecutor.java:298)
	at com.kms.katalon.core.main.TestCaseExecutor.accessMainPhase(TestCaseExecutor.java:290)
	at com.kms.katalon.core.main.TestCaseExecutor.execute(TestCaseExecutor.java:224)
	at com.kms.katalon.core.main.TestCaseMain.runTestCase(TestCaseMain.java:106)
	at com.kms.katalon.core.keyword.builtin.CallTestCaseKeyword$_callTestCase_closure1.doCall(CallTestCaseKeyword.groovy:59)
	at com.kms.katalon.core.keyword.builtin.CallTestCaseKeyword$_callTestCase_closure1.call(CallTestCaseKeyword.groovy)
	at com.kms.katalon.core.keyword.internal.KeywordMain.runKeyword(KeywordMain.groovy:54)
	at com.kms.katalon.core.keyword.builtin.CallTestCaseKeyword.callTestCase(CallTestCaseKeyword.groovy:80)
	at com.kms.katalon.core.keyword.builtin.CallTestCaseKeyword.execute(CallTestCaseKeyword.groovy:44)
	at com.kms.katalon.core.keyword.internal.KeywordExecutor.executeKeywordForPlatform(KeywordExecutor.groovy:53)
	at com.kms.katalon.core.keyword.BuiltinKeywords.callTestCase(BuiltinKeywords.groovy:334)
	at NavigationYourPayAndBenefits.run(NavigationYourPayAndBenefits:18)
	at com.kms.katalon.core.main.ScriptEngine.run(ScriptEngine.java:194)
	at com.kms.katalon.core.main.ScriptEngine.runScriptAsRawText(ScriptEngine.java:119)
	at com.kms.katalon.core.main.TestCaseExecutor.runScript(TestCaseExecutor.java:328)
	at com.kms.katalon.core.main.TestCaseExecutor.doExecute(TestCaseExecutor.java:319)
	at com.kms.katalon.core.main.TestCaseExecutor.processExecutionPhase(TestCaseExecutor.java:298)
	at com.kms.katalon.core.main.TestCaseExecutor.accessMainPhase(TestCaseExecutor.java:290)
	at com.kms.katalon.core.main.TestCaseExecutor.execute(TestCaseExecutor.java:224)
	at com.kms.katalon.core.main.TestSuiteExecutor.accessTestCaseMainPhase(TestSuiteExecutor.java:129)
	at com.kms.katalon.core.main.TestSuiteExecutor.accessTestSuiteMainPhase(TestSuiteExecutor.java:112)
	at com.kms.katalon.core.main.TestSuiteExecutor.execute(TestSuiteExecutor.java:81)
	at com.kms.katalon.core.main.TestCaseMain.startTestSuite(TestCaseMain.java:149)
	at com.kms.katalon.core.main.TestCaseMain$startTestSuite$0.call(Unknown Source)
	at TempTestSuite1550493175167.run(TempTestSuite1550493175167.groovy:36)]]></system-out>
      <system-err><![CDATA[2019-02-18 16:32:58 - [TEST_SUITE][FAILED] - Smoke Test: Test Cases/Smoke Test/NavigationYourPayAndBenefits FAILED.
Reason:
com.kms.katalon.core.exception.StepFailedException: Unable to click on object 'Object Repository/Navigations/Navigation - Allowances/button_Add Allowance' (Root cause: org.openqa.selenium.WebDriverException: unknown error: Element <button class="add btn btn-success" id="addAllowanceDetailsButton" style="margin-bottom:5px;">...</button> is not clickable at point (195, 331). Other element would receive the click: <div id="loader"></div>
  (Session info: chrome=72.0.3626.109)
  (Driver info: chromedriver=2.43.600210 (68dcf5eebde37173d4027fa8635e332711d2874a),platform=Windows NT 10.0.16299 x86_64) (WARNING: The server did not provide any stacktrace information)
Command duration or timeout: 0 milliseconds
Build info: version: '3.7.1', revision: '8a0099a', time: '2017-11-06T21:07:36.161Z'
System info: host: 'PC0871RF', ip: '192.168.97.1', os.name: 'Windows 10', os.arch: 'amd64', os.version: '10.0', java.version: '1.8.0_181'
Driver info: com.kms.katalon.selenium.driver.CChromeDriver
Capabilities {acceptInsecureCerts: false, acceptSslCerts: false, applicationCacheEnabled: false, browserConnectionEnabled: false, browserName: chrome, chrome: {chromedriverVersion: 2.43.600210 (68dcf5eebde371..., userDataDir: C:\Users\SD4665~1.DAN\AppDa...}, cssSelectorsEnabled: true, databaseEnabled: false, goog:chromeOptions: {debuggerAddress: localhost:50029}, handlesAlerts: true, hasTouchScreen: false, javascriptEnabled: true, locationContextEnabled: true, mobileEmulationEnabled: false, nativeEvents: true, networkConnectionEnabled: false, pageLoadStrategy: normal, platform: XP, platformName: XP, rotatable: false, setWindowRect: true, takesHeapSnapshot: true, takesScreenshot: true, unexpectedAlertBehaviour: , unhandledPromptBehavior: , version: 72.0.3626.109, webStorageEnabled: true}
Session ID: b100527dc32d8e5053d9a2f0d6454a8a)
	at com.kms.katalon.core.keyword.internal.KeywordMain.stepFailed(KeywordMain.groovy:36)
	at com.kms.katalon.core.webui.keyword.internal.WebUIKeywordMain.stepFailed(WebUIKeywordMain.groovy:65)
	at com.kms.katalon.core.webui.keyword.internal.WebUIKeywordMain.runKeyword(WebUIKeywordMain.groovy:27)
	at com.kms.katalon.core.webui.keyword.builtin.ClickKeyword.click(ClickKeyword.groovy:86)
	at com.kms.katalon.core.webui.keyword.builtin.ClickKeyword.execute(ClickKeyword.groovy:67)
	at com.kms.katalon.core.keyword.internal.KeywordExecutor.executeKeywordForPlatform(KeywordExecutor.groovy:53)
	at com.kms.katalon.core.webui.keyword.WebUiBuiltInKeywords.click(WebUiBuiltInKeywords.groovy:604)
	at com.kms.katalon.core.webui.keyword.WebUiBuiltInKeywords$click$9.call(Unknown Source)
	at Navigation - Allowances.run(Navigation - Allowances:38)
	at com.kms.katalon.core.main.ScriptEngine.run(ScriptEngine.java:194)
	at com.kms.katalon.core.main.ScriptEngine.runScriptAsRawText(ScriptEngine.java:119)
	at com.kms.katalon.core.main.TestCaseExecutor.runScript(TestCaseExecutor.java:328)
	at com.kms.katalon.core.main.TestCaseExecutor.doExecute(TestCaseExecutor.java:319)
	at com.kms.katalon.core.main.TestCaseExecutor.processExecutionPhase(TestCaseExecutor.java:298)
	at com.kms.katalon.core.main.TestCaseExecutor.accessMainPhase(TestCaseExecutor.java:290)
	at com.kms.katalon.core.main.TestCaseExecutor.execute(TestCaseExecutor.java:224)
	at com.kms.katalon.core.main.TestCaseMain.runTestCase(TestCaseMain.java:106)
	at com.kms.katalon.core.keyword.builtin.CallTestCaseKeyword$_callTestCase_closure1.doCall(CallTestCaseKeyword.groovy:59)
	at com.kms.katalon.core.keyword.builtin.CallTestCaseKeyword$_callTestCase_closure1.call(CallTestCaseKeyword.groovy)
	at com.kms.katalon.core.keyword.internal.KeywordMain.runKeyword(KeywordMain.groovy:54)
	at com.kms.katalon.core.keyword.builtin.CallTestCaseKeyword.callTestCase(CallTestCaseKeyword.groovy:80)
	at com.kms.katalon.core.keyword.builtin.CallTestCaseKeyword.execute(CallTestCaseKeyword.groovy:44)
	at com.kms.katalon.core.keyword.internal.KeywordExecutor.executeKeywordForPlatform(KeywordExecutor.groovy:53)
	at com.kms.katalon.core.keyword.BuiltinKeywords.callTestCase(BuiltinKeywords.groovy:334)
	at NavigationYourPayAndBenefits.run(NavigationYourPayAndBenefits:18)
	at com.kms.katalon.core.main.ScriptEngine.run(ScriptEngine.java:194)
	at com.kms.katalon.core.main.ScriptEngine.runScriptAsRawText(ScriptEngine.java:119)
	at com.kms.katalon.core.main.TestCaseExecutor.runScript(TestCaseExecutor.java:328)
	at com.kms.katalon.core.main.TestCaseExecutor.doExecute(TestCaseExecutor.java:319)
	at com.kms.katalon.core.main.TestCaseExecutor.processExecutionPhase(TestCaseExecutor.java:298)
	at com.kms.katalon.core.main.TestCaseExecutor.accessMainPhase(TestCaseExecutor.java:290)
	at com.kms.katalon.core.main.TestCaseExecutor.execute(TestCaseExecutor.java:224)
	at com.kms.katalon.core.main.TestSuiteExecutor.accessTestCaseMainPhase(TestSuiteExecutor.java:129)
	at com.kms.katalon.core.main.TestSuiteExecutor.accessTestSuiteMainPhase(TestSuiteExecutor.java:112)
	at com.kms.katalon.core.main.TestSuiteExecutor.execute(TestSuiteExecutor.java:81)
	at com.kms.katalon.core.main.TestCaseMain.startTestSuite(TestCaseMain.java:149)
	at com.kms.katalon.core.main.TestCaseMain$startTestSuite$0.call(Unknown Source)
	at TempTestSuite1550493175167.run(TempTestSuite1550493175167.groovy:36)]]></system-err>
   </testsuite>
</testsuites>
